#
# A fatal error has been detected by the Java Runtime Environment:
#
#  EXCEPTION_ACCESS_VIOLATION (0xc0000005) at pc=0x00007ffb1483880f, pid=15832, tid=14412
#
# JRE version: Java(TM) SE Runtime Environment (9.0+11) (build 9.0.4+11)
# Java VM: Java HotSpot(TM) 64-Bit Server VM (9.0.4+11, mixed mode, tiered, compressed oops, g1 gc, windows-amd64)
# Problematic frame:
# C  [librdi_common.dll+0x17880f]
#
# No core dump will be written. Minidumps are not enabled by default on client versions of Windows
#
# If you would like to submit a bug report, please visit:
#   http://bugreport.java.com/bugreport/crash.jsp
# The crash happened outside the Java Virtual Machine in native code.
# See problematic frame for where to report the bug.
#

---------------  S U M M A R Y ------------

Command Line: -Dsun.java2d.pmoffscreen=false -Dsun.java2d.xrender=false -Dsun.java2d.d3d=false -Dsun.awt.nopixfmt=true -Dsun.java2d.dpiaware=true -Dsun.java2d.uiScale.enabled=false -Xverify:none -Dswing.aatext=true -XX:-UsePerfData -Djdk.map.althashing.threshold=512 -XX:StringTableSize=4072 --add-opens=java.base/java.nio=ALL-UNNAMED --add-opens=java.desktop/sun.swing=ALL-UNNAMED --add-opens=java.desktop/javax.swing=ALL-UNNAMED --add-opens=java.desktop/javax.swing.tree=ALL-UNNAMED --add-opens=java.desktop/javax.swing.plaf.basic=ALL-UNNAMED --add-opens=java.desktop/javax.swing.plaf.synth=ALL-UNNAMED --add-opens=java.desktop/com.sun.awt=ALL-UNNAMED -XX:NewSize=60m -XX:MaxNewSize=60m -Xms128m -Xmx3072m -Xss5m 

Host: 12th Gen Intel(R) Core(TM) i5-12600K, 16 cores, 23G,  Windows 10 , 64 bit Build 19041 (10.0.19041.3570)
Time: Mon Nov 13 20:53:33 2023 ?D1¨²¡À¨º¡Á?¨º¡À?? elapsed time: 6477 seconds (0d 1h 47m 57s)

---------------  T H R E A D  ---------------

Current thread (0x000002413fbac800):  JavaThread "AWT-EventQueue-1" [_thread_in_native, id=14412, stack(0x0000004188900000,0x0000004188e00000)]

Stack: [0x0000004188900000,0x0000004188e00000],  sp=0x0000004188dfb120,  free space=5100k
Native frames: (J=compiled Java code, j=interpreted, Vv=VM code, C=native code)
C  [librdi_common.dll+0x17880f]
C  [librdi_common.dll+0x81bcd]
C  [librdi_wavedata.dll+0x1d9e1e]
C  [librdi_wavedata.dll+0x256eaf]
C  [librdi_wavedata.dll+0x25e869]
C  [librdi_wavedata.dll+0x22f5bb]
C  [librdi_wavedata.dll+0x26b487]
C  0x000002412ec3333a

Java frames: (J=compiled Java code, j=interpreted, Vv=VM code)
J 27250  ui.views.waveform.waveformi.WVExecutive_getTooltipTextDelayed(J)Ljava/lang/String; (0 bytes) @ 0x000002412ec332a1 [0x000002412ec33260+0x0000000000000041]
J 29115 c2 ui.views.waveform.b.a.bI(Ljava/awt/event/MouseEvent;)V (135 bytes) @ 0x000002412e7db140 [0x000002412e7db040+0x0000000000000100]
J 29125 c2 ui.views.waveform.b.a.mouseMoved(Ljava/awt/event/MouseEvent;)V (32 bytes) @ 0x000002412e7d8334 [0x000002412e7d8260+0x00000000000000d4]
J 16188 c2 java.awt.AWTEventMulticaster.mouseMoved(Ljava/awt/event/MouseEvent;)V java.desktop@9.0.4 (27 bytes) @ 0x000002412e3d04f4 [0x000002412e3d0440+0x00000000000000b4]
J 16188 c2 java.awt.AWTEventMulticaster.mouseMoved(Ljava/awt/event/MouseEvent;)V java.desktop@9.0.4 (27 bytes) @ 0x000002412e3d04b4 [0x000002412e3d0440+0x0000000000000074]
J 16225 c2 javax.swing.JComponent.processMouseMotionEvent(Ljava/awt/event/MouseEvent;)V java.desktop@9.0.4 (46 bytes) @ 0x000002412e3f2714 [0x000002412e3f25e0+0x0000000000000134]
J 29118 c2 ui.frmwork.c.i.processMouseMotionEvent(Ljava/awt/event/MouseEvent;)V (131 bytes) @ 0x000002412e7da368 [0x000002412e7da0a0+0x00000000000002c8]
J 22616 c2 java.awt.Component.processEvent(Ljava/awt/AWTEvent;)V java.desktop@9.0.4 (220 bytes) @ 0x000002412eaf4f14 [0x000002412eaf4dc0+0x0000000000000154]
J 23422 c2 java.awt.Container.processEvent(Ljava/awt/AWTEvent;)V java.desktop@9.0.4 (22 bytes) @ 0x000002412ec499dc [0x000002412ec49940+0x000000000000009c]
J 29274 c2 java.awt.Component.dispatchEventImpl(Ljava/awt/AWTEvent;)V java.desktop@9.0.4 (739 bytes) @ 0x000002412eb1ce34 [0x000002412eb1c520+0x0000000000000914]
J 23609 c2 java.awt.Container.dispatchEventImpl(Ljava/awt/AWTEvent;)V java.desktop@9.0.4 (129 bytes) @ 0x000002412ed8648c [0x000002412ed85b60+0x000000000000092c]
J 16212 c2 java.awt.LightweightDispatcher.retargetMouseEvent(Ljava/awt/Component;ILjava/awt/event/MouseEvent;)V java.desktop@9.0.4 (350 bytes) @ 0x000002412e3dddcc [0x000002412e3dd860+0x000000000000056c]
J 23609 c2 java.awt.Container.dispatchEventImpl(Ljava/awt/AWTEvent;)V java.desktop@9.0.4 (129 bytes) @ 0x000002412ed863b4 [0x000002412ed85b60+0x0000000000000854]
J 15147 c2 java.awt.Window.dispatchEventImpl(Ljava/awt/AWTEvent;)V java.desktop@9.0.4 (23 bytes) @ 0x000002412e1da30c [0x000002412e1da2c0+0x000000000000004c]
J 15588 c2 java.awt.EventQueue$3.run()Ljava/lang/Object; java.desktop@9.0.4 (5 bytes) @ 0x000002412e2b75bc [0x000002412e2b7400+0x00000000000001bc]
v  ~StubRoutines::call_stub
J 3919  java.security.AccessController.doPrivileged(Ljava/security/PrivilegedAction;Ljava/security/AccessControlContext;)Ljava/lang/Object; java.base@9.0.4 (0 bytes) @ 0x000002412d715946 [0x000002412d7158e0+0x0000000000000066]
J 14871 c2 java.awt.EventQueue$4.run()Ljava/lang/Object; java.desktop@9.0.4 (5 bytes) @ 0x000002412e19c658 [0x000002412e19c5e0+0x0000000000000078]
v  ~StubRoutines::call_stub
J 3919  java.security.AccessController.doPrivileged(Ljava/security/PrivilegedAction;Ljava/security/AccessControlContext;)Ljava/lang/Object; java.base@9.0.4 (0 bytes) @ 0x000002412d715946 [0x000002412d7158e0+0x0000000000000066]
J 12810 c2 ui.frmwork.b.d.dispatchEvent(Ljava/awt/AWTEvent;)V (34 bytes) @ 0x000002412de6399c [0x000002412de637e0+0x00000000000001bc]
J 18826 c2 java.awt.EventDispatchThread.pumpOneEventForFilters(I)V java.desktop@9.0.4 (218 bytes) @ 0x000002412e750b18 [0x000002412e7505a0+0x0000000000000578]
J 17778% c2 java.awt.EventDispatchThread.pumpEventsForFilter(ILjava/awt/Conditional;Ljava/awt/EventFilter;)V java.desktop@9.0.4 (47 bytes) @ 0x000002412e6498c0 [0x000002412e6497c0+0x0000000000000100]
j  java.awt.EventDispatchThread.pumpEventsForHierarchy(ILjava/awt/Conditional;Ljava/awt/Component;)V+11 java.desktop@9.0.4
j  java.awt.EventDispatchThread.pumpEvents(ILjava/awt/Conditional;)V+4 java.desktop@9.0.4
j  java.awt.EventDispatchThread.pumpEvents(Ljava/awt/Conditional;)V+3 java.desktop@9.0.4
j  java.awt.EventDispatchThread.run()V+9 java.desktop@9.0.4
v  ~StubRoutines::call_stub

siginfo: EXCEPTION_ACCESS_VIOLATION (0xc0000005), reading address 0xffffffffffffffff


Register to memory mapping:

RIP=0x00007ffb1483880f librdi_common.dll
RAX=0x00000241154cd401 is an unknown value
RBX=0x0000004188dfb1e0 is pointing into the stack for thread: 0x000002413fbac800
RCX=0x00000241154cd4d0 is an unknown value
RDX=0x8003760032731cca is an unknown value
RSP=0x0000004188dfb120 is pointing into the stack for thread: 0x000002413fbac800
RBP=0x0000004188dfb370 is pointing into the stack for thread: 0x000002413fbac800
RSI=0x0000000000000000 is an unknown value
RDI=0x8003760032731cca is an unknown value
R8 =0x00007ffae31c37dc librdi_wavedata.dll
R9 =0x0000000000000000 is an unknown value
R10=0x0000000000000001 is an unknown value
R11=0x0000004188dfb1a8 is pointing into the stack for thread: 0x000002413fbac800
R12=0x0000000000000000 is an unknown value
R13=0x0000000000000000 is an unknown value
R14=0x000002414421d0d0 is an unknown value
R15=0x000000000c5fb980 is an unknown value


Registers:
RAX=0x00000241154cd401, RBX=0x0000004188dfb1e0, RCX=0x00000241154cd4d0, RDX=0x8003760032731cca
RSP=0x0000004188dfb120, RBP=0x0000004188dfb370, RSI=0x0000000000000000, RDI=0x8003760032731cca
R8 =0x00007ffae31c37dc, R9 =0x0000000000000000, R10=0x0000000000000001, R11=0x0000004188dfb1a8
R12=0x0000000000000000, R13=0x0000000000000000, R14=0x000002414421d0d0, R15=0x000000000c5fb980
RIP=0x00007ffb1483880f, EFLAGS=0x0000000000010202

Top of Stack: (sp=0x0000004188dfb120)
0x0000004188dfb120:   0000000000000000 000000000000000f
0x0000004188dfb130:   0000024147e00e00 0000004188dfb1e0
0x0000004188dfb140:   0000000000000000 fffffffffffffffe
0x0000004188dfb150:   00007ffae31d6500 00007ffb720262a8
0x0000004188dfb160:   0000000000000000 000000000000000f
0x0000004188dfb170:   0000000065757200 0000000000000000
0x0000004188dfb180:   0000000000000000 000000000000000f
0x0000004188dfb190:   00001b10dafd0baa 00007ffb72026280
0x0000004188dfb1a0:   0000004188dfb358 00007ffb14741bcd
0x0000004188dfb1b0:   00007ffae31c3798 000002414421d0d0
0x0000004188dfb1c0:   000002414421d0d0 000002413f1fe100
0x0000004188dfb1d0:   000002414421d0d0 fffffffffffffffe
0x0000004188dfb1e0:   0000021400000005 00007ffae2f58c87
0x0000004188dfb1f0:   000000000c5fb980 000002414421d0d0
0x0000004188dfb200:   00001b10dafd0b3a 0000000000000000
0x0000004188dfb210:   0000000000000000 00007ffae2f59e1e 

Instructions: (pc=0x00007ffb1483880f)
0x00007ffb148387ef:   6e 00 cc 48 83 f9 27 76 07 ff 15 e2 64 6e 00 cc
0x00007ffb148387ff:   48 8b c8 e8 c9 b4 5a 00 48 8b c3 e9 1c 01 00 00
0x00007ffb1483880f:   48 8b 4f 50 48 85 c9 0f 84 ff 00 00 00 48 8d 54
0x00007ffb1483881f:   24 50 e8 ba e3 04 00 48 8b d0 48 8d 4c 24 30 e8 



---------------  P R O C E S S  ---------------

Java Threads: ( => current thread )
  0x000002414667c800 JavaThread "Relaunch Simulation" [_thread_blocked, id=14844, stack(0x000000418e300000,0x000000418e800000)]
  0x0000024146683800 JavaThread "Thread-7949" [_thread_in_native, id=14096, stack(0x0000004189000000,0x0000004189100000)]
  0x0000024146681000 JavaThread "Thread-7745" [_thread_in_native, id=17472, stack(0x0000004189200000,0x0000004189300000)]
  0x000002414667c000 JavaThread "Thread-7740" [_thread_in_native, id=10336, stack(0x0000004189200000,0x0000004189300000)]
  0x0000024146682800 JavaThread "Thread-7730" [_thread_in_native, id=15292, stack(0x0000004189800000,0x0000004189900000)]
  0x0000024143540000 JavaThread "Thread-7722" [_thread_in_native, id=18056, stack(0x0000004189200000,0x0000004189300000)]
  0x0000024143013800 JavaThread "Thread-7412" [_thread_in_native, id=16672, stack(0x0000004189200000,0x0000004189300000)]
  0x0000024143011800 JavaThread "Thread-7406" [_thread_in_native, id=17396, stack(0x0000004189200000,0x0000004189300000)]
  0x0000024143010800 JavaThread "Thread-7388" [_thread_in_native, id=17912, stack(0x0000004189200000,0x0000004189300000)]
  0x0000024143016000 JavaThread "Thread-7374" [_thread_in_native, id=8820, stack(0x0000004189900000,0x0000004189a00000)]
  0x000002414353e800 JavaThread "Thread-6916" [_thread_in_native, id=7148, stack(0x0000004189800000,0x0000004189900000)]
  0x0000024143542800 JavaThread "Thread-6819" [_thread_in_native, id=16860, stack(0x0000004189100000,0x0000004189200000)]
  0x0000024143543800 JavaThread "Thread-6812" [_thread_in_native, id=15864, stack(0x0000004189200000,0x0000004189300000)]
  0x000002414353d000 JavaThread "Thread-6770" [_thread_in_native, id=4672, stack(0x0000004189100000,0x0000004189200000)]
  0x00000241433e4000 JavaThread "Thread-6763" [_thread_in_native, id=12212, stack(0x0000004189100000,0x0000004189200000)]
  0x000002414301a800 JavaThread "Thread-6758" [_thread_in_native, id=15608, stack(0x0000004189200000,0x0000004189300000)]
  0x00000241433e8000 JavaThread "Thread-6751" [_thread_in_native, id=15664, stack(0x000000418d300000,0x000000418d400000)]
  0x000002414f777800 JavaThread "Thread-6699" [_thread_in_native, id=14984, stack(0x0000004189000000,0x0000004189100000)]
  0x000002414f77b800 JavaThread "Thread-6687" [_thread_in_native, id=16876, stack(0x0000004189100000,0x0000004189200000)]
  0x0000024143015000 JavaThread "Swing-Shell" daemon [_thread_blocked, id=1452, stack(0x000000418c800000,0x000000418cd00000)]
  0x0000024143019800 JavaThread "Thread-6674" [_thread_in_native, id=15812, stack(0x0000004189800000,0x0000004189900000)]
  0x000002414300d800 JavaThread "Thread-6620" [_thread_in_native, id=11732, stack(0x0000004189a00000,0x0000004189b00000)]
  0x0000024143014800 JavaThread "Monitor File Timestamp Swing Worker" [_thread_blocked, id=16812, stack(0x000000418e800000,0x000000418ed00000)]
  0x000002414300d000 JavaThread "Timer-20" [_thread_blocked, id=17800, stack(0x000000418c300000,0x000000418c800000)]
  0x0000024143017800 JavaThread "Thread-6608" [_thread_in_native, id=840, stack(0x0000004189a00000,0x0000004189b00000)]
  0x000002414300e800 JavaThread "Monitor File Timestamp Swing Worker" [_thread_blocked, id=6508, stack(0x000000418d900000,0x000000418de00000)]
  0x0000024143013000 JavaThread "Timer-17" [_thread_blocked, id=15988, stack(0x000000418ce00000,0x000000418d300000)]
  0x0000024143012000 JavaThread "SyntheticaAnimation 50" daemon [_thread_blocked, id=7700, stack(0x000000418de00000,0x000000418e300000)]
  0x000002414300a800 JavaThread "Image Animator 0" daemon [_thread_blocked, id=16272, stack(0x000000418d400000,0x000000418d900000)]
  0x000002414f777000 JavaThread "SyntheticaAnimation 50" daemon [_thread_blocked, id=2036, stack(0x0000004187a00000,0x0000004187f00000)]
  0x000002414f778800 JavaThread "hw_ila_monitor" [_thread_blocked, id=3820, stack(0x000000418be00000,0x000000418c300000)]
  0x00000241433e6800 JavaThread "Update Runs Swing Worker" [_thread_blocked, id=12472, stack(0x000000418b900000,0x000000418be00000)]
  0x00000241433e8800 JavaThread "Refresh Filesets Swing Worker" [_thread_blocked, id=16460, stack(0x000000418b400000,0x000000418b900000)]
  0x00000241433e7000 JavaThread "SyntheticaAnimation 70" daemon [_thread_blocked, id=392, stack(0x000000418af00000,0x000000418b400000)]
  0x00000241433eb000 JavaThread "SyntheticaAnimation 25" daemon [_thread_blocked, id=2868, stack(0x000000418a500000,0x000000418aa00000)]
  0x00000241433e9800 JavaThread "SyntheticaAnimation 50" daemon [_thread_blocked, id=15876, stack(0x000000418a000000,0x000000418a500000)]
  0x00000241433ea000 JavaThread "Monitor HEventQueue" [_thread_blocked, id=516, stack(0x0000004189b00000,0x000000418a000000)]
  0x00000241433e5800 JavaThread "Batik CleanerThread" daemon [_thread_blocked, id=16236, stack(0x0000004189300000,0x0000004189800000)]
  0x00000241433e5000 JavaThread "SyntheticaCleanerThread" daemon [_thread_blocked, id=14248, stack(0x0000004187f00000,0x0000004188400000)]
=>0x000002413fbac800 JavaThread "AWT-EventQueue-1" [_thread_in_native, id=14412, stack(0x0000004188900000,0x0000004188e00000)]
  0x00000241419f7000 JavaThread "Process Messages" [_thread_blocked, id=12684, stack(0x0000004188400000,0x0000004188900000)]
  0x000002413f8f0800 JavaThread "Thread-1" [_thread_in_native, id=18316, stack(0x0000004180000000,0x0000004181400000)]
  0x000002413fa9d800 JavaThread "TimerQueue" daemon [_thread_blocked, id=14500, stack(0x0000004187500000,0x0000004187a00000)]
  0x000002413f6cd800 JavaThread "AWT-Windows" daemon [_thread_in_native, id=13628, stack(0x0000004187000000,0x0000004187500000)]
  0x000002413f6b0000 JavaThread "AWT-Shutdown" [_thread_blocked, id=8996, stack(0x0000004186b00000,0x0000004187000000)]
  0x000002413f6af000 JavaThread "Java2D Disposer" daemon [_thread_blocked, id=17664, stack(0x0000004186600000,0x0000004186b00000)]
  0x000002413f08d800 JavaThread "Service Thread" daemon [_thread_blocked, id=6280, stack(0x0000004186000000,0x0000004186500000)]
  0x0000024119a7c800 JavaThread "Common-Cleaner" daemon [_thread_blocked, id=17248, stack(0x0000004185b00000,0x0000004186000000)]
  0x0000024119a79800 JavaThread "Sweeper thread" daemon [_thread_blocked, id=2516, stack(0x0000004185600000,0x0000004185b00000)]
  0x000002411c6eb000 JavaThread "C1 CompilerThread11" daemon [_thread_blocked, id=14068, stack(0x0000004185500000,0x0000004185600000)]
  0x000002411c6e8800 JavaThread "C1 CompilerThread10" daemon [_thread_blocked, id=17132, stack(0x0000004185400000,0x0000004185500000)]
  0x000002411c6ea000 JavaThread "C1 CompilerThread9" daemon [_thread_blocked, id=8508, stack(0x0000004185300000,0x0000004185400000)]
  0x000002411c6e8000 JavaThread "C1 CompilerThread8" daemon [_thread_blocked, id=4088, stack(0x0000004185200000,0x0000004185300000)]
  0x000002411c6e9800 JavaThread "C2 CompilerThread7" daemon [_thread_blocked, id=17728, stack(0x0000004185100000,0x0000004185200000)]
  0x000002411c6ec800 JavaThread "C2 CompilerThread6" daemon [_thread_blocked, id=17344, stack(0x0000004185000000,0x0000004185100000)]
  0x000002411c4fa800 JavaThread "C2 CompilerThread5" daemon [_thread_blocked, id=17068, stack(0x0000004184f00000,0x0000004185000000)]
  0x000002411ccbe000 JavaThread "C2 CompilerThread4" daemon [_thread_blocked, id=13024, stack(0x0000004184e00000,0x0000004184f00000)]
  0x000002411c4f7800 JavaThread "C2 CompilerThread3" daemon [_thread_blocked, id=14792, stack(0x0000004184d00000,0x0000004184e00000)]
  0x000002411c4f7000 JavaThread "C2 CompilerThread2" daemon [_thread_blocked, id=3796, stack(0x0000004184c00000,0x0000004184d00000)]
  0x000002411c4f6000 JavaThread "C2 CompilerThread1" daemon [_thread_blocked, id=18400, stack(0x0000004184b00000,0x0000004184c00000)]
  0x000002411da9e800 JavaThread "C2 CompilerThread0" daemon [_thread_blocked, id=14736, stack(0x0000004184a00000,0x0000004184b00000)]
  0x000002411da99800 JavaThread "Attach Listener" daemon [_thread_blocked, id=15852, stack(0x0000004184500000,0x0000004184a00000)]
  0x000002411da98800 JavaThread "Signal Dispatcher" daemon [_thread_blocked, id=4876, stack(0x0000004184000000,0x0000004184500000)]
  0x000002411be2c800 JavaThread "Finalizer" daemon [_thread_blocked, id=8132, stack(0x0000004183b00000,0x0000004184000000)]
  0x000002411be2b800 JavaThread "Reference Handler" daemon [_thread_blocked, id=16524, stack(0x0000004183600000,0x0000004183b00000)]
  0x000002411de4e800 JavaThread "main" [_thread_blocked, id=14364, stack(0x0000004181500000,0x0000004181600000)]

Other Threads:
  0x000002411da8a800 VMThread "VM Thread" [stack: 0x0000004183500000,0x0000004183600000] [id=8432]
  0x000002413f091800 WatcherThread [stack: 0x0000004186500000,0x0000004186600000] [id=17648]
  0x000002411de4f000 GCTaskThread "GC Thread#0" [stack: 0x0000004181600000,0x0000004181700000] [id=32]
  0x000002411e3ee800 GCTaskThread "GC Thread#1" [stack: 0x0000004181700000,0x0000004181800000] [id=14460]
  0x000002411e3ef000 GCTaskThread "GC Thread#2" [stack: 0x0000004181800000,0x0000004181900000] [id=15684]
  0x000002411e3ef800 GCTaskThread "GC Thread#3" [stack: 0x0000004181900000,0x0000004181a00000] [id=1640]
  0x0000024119409800 GCTaskThread "GC Thread#4" [stack: 0x0000004181a00000,0x0000004181b00000] [id=15868]
  0x000002411940a800 GCTaskThread "GC Thread#5" [stack: 0x0000004181b00000,0x0000004181c00000] [id=1144]
  0x000002411e408000 GCTaskThread "GC Thread#6" [stack: 0x0000004181c00000,0x0000004181d00000] [id=18388]
  0x000002411c5ee800 GCTaskThread "GC Thread#7" [stack: 0x0000004181d00000,0x0000004181e00000] [id=15312]
  0x000002411ccb6800 GCTaskThread "GC Thread#8" [stack: 0x0000004181e00000,0x0000004181f00000] [id=2240]
  0x000002411ccb7000 GCTaskThread "GC Thread#9" [stack: 0x0000004181f00000,0x0000004182000000] [id=15512]
  0x00000241197e1800 GCTaskThread "GC Thread#10" [stack: 0x0000004182000000,0x0000004182100000] [id=16256]
  0x000002411caa2800 GCTaskThread "GC Thread#11" [stack: 0x0000004182100000,0x0000004182200000] [id=15948]
  0x000002411bd34800 GCTaskThread "GC Thread#12" [stack: 0x0000004182200000,0x0000004182300000] [id=16924]
  0x000002411cb43000 ConcurrentGCThread "G1 Main Marker" [stack: 0x0000004183100000,0x0000004183200000] [id=17392]
  0x000002411cb43800 ConcurrentGCThread "G1 Marker#0" [stack: 0x0000004183200000,0x0000004183300000] [id=10288]
  0x000002411e9ba000 ConcurrentGCThread "G1 Marker#1" [stack: 0x0000004183300000,0x0000004183400000] [id=12424]
  0x000002411e9ba800 ConcurrentGCThread "G1 Marker#2" [stack: 0x0000004183400000,0x0000004183500000] [id=4472]
  0x000002411913f800 ConcurrentGCThread "G1 Refine#0" [stack: 0x0000004182f00000,0x0000004183000000] [id=9652]
  0x000002411913c800 ConcurrentGCThread "G1 Refine#1" [stack: 0x0000004182e00000,0x0000004182f00000] [id=3636]
  0x000002411913e800 ConcurrentGCThread "G1 Refine#2" [stack: 0x0000004182d00000,0x0000004182e00000] [id=10548]
  0x000002411c908800 ConcurrentGCThread "G1 Refine#3" [stack: 0x0000004182c00000,0x0000004182d00000] [id=16296]
  0x000002411c907000 ConcurrentGCThread "G1 Refine#4" [stack: 0x0000004182b00000,0x0000004182c00000] [id=4020]
  0x000002411de49000 ConcurrentGCThread "G1 Refine#5" [stack: 0x0000004182a00000,0x0000004182b00000] [id=15844]
  0x000002411de47800 ConcurrentGCThread "G1 Refine#6" [stack: 0x0000004182900000,0x0000004182a00000] [id=15240]
  0x000002411de47000 ConcurrentGCThread "G1 Refine#7" [stack: 0x0000004182800000,0x0000004182900000] [id=17452]
  0x000002411de46800 ConcurrentGCThread "G1 Refine#8" [stack: 0x0000004182700000,0x0000004182800000] [id=320]
  0x000002411e20c000 ConcurrentGCThread "G1 Refine#9" [stack: 0x0000004182600000,0x0000004182700000] [id=9692]
  0x00000241198c0800 ConcurrentGCThread "G1 Refine#10" [stack: 0x0000004182500000,0x0000004182600000] [id=13448]
  0x000002411bd79000 ConcurrentGCThread "G1 Refine#11" [stack: 0x0000004182400000,0x0000004182500000] [id=9484]
  0x000002411bd78800 ConcurrentGCThread "G1 Refine#12" [stack: 0x0000004182300000,0x0000004182400000] [id=9528]
  0x000002411c909000 ConcurrentGCThread "G1 Young RemSet Sampling" [stack: 0x0000004183000000,0x0000004183100000] [id=12740]

Threads with active compile tasks:

VM state:not at safepoint (normal execution)

VM Mutex/Monitor currently owned by a thread: None

Heap address: 0x0000000700000000, size: 3072 MB, Compressed Oops mode: Zero based, Oop shift amount: 3
Narrow klass base: 0x0000000000000000, Narrow klass shift: 3
Compressed class space size: 1073741824 Address: 0x00000007c0000000

Heap:
 garbage-first heap   total 258048K, used 108597K [0x0000000700000000, 0x00000007001007e0, 0x00000007c0000000)
  region size 1024K, 20 young (20480K), 1 survivors (1024K)
 Metaspace       used 91100K, capacity 95114K, committed 97104K, reserved 1132544K
  class space    used 12738K, capacity 13491K, committed 13948K, reserved 1048576K
Heap Regions: E=young(eden), S=young(survivor), O=old, HS=humongous(starts), HC=humongous(continues), CS=collection set, F=free, A=archive, TS=gc time stamp, AC=allocation context, TAMS=top-at-mark-start (previous, next)
|   0|0x0000000700000000, 0x00000007000ffe90, 0x0000000700100000| 99%| O|  |TS  0|AC  0|TAMS 0x0000000700000000, 0x0000000700000000|
|   1|0x0000000700100000, 0x0000000700200000, 0x0000000700200000|100%|HS|  |TS  0|AC  0|TAMS 0x0000000700100000, 0x0000000700100000|
|   2|0x0000000700200000, 0x0000000700300000, 0x0000000700300000|100%|HC|  |TS  0|AC  0|TAMS 0x0000000700200000, 0x0000000700200000|
|   3|0x0000000700300000, 0x0000000700400000, 0x0000000700400000|100%|HS|  |TS  0|AC  0|TAMS 0x0000000700300000, 0x0000000700300000|
|   4|0x0000000700400000, 0x0000000700500000, 0x0000000700500000|100%| O|  |TS  0|AC  0|TAMS 0x0000000700400000, 0x0000000700400000|
|   5|0x0000000700500000, 0x0000000700600000, 0x0000000700600000|100%| O|  |TS  0|AC  0|TAMS 0x0000000700500000, 0x0000000700500000|
|   6|0x0000000700600000, 0x00000007006ffff0, 0x0000000700700000| 99%| O|  |TS  0|AC  0|TAMS 0x0000000700600000, 0x0000000700600000|
|   7|0x0000000700700000, 0x00000007007f6390, 0x0000000700800000| 96%| O|  |TS  0|AC  0|TAMS 0x0000000700700000, 0x0000000700700000|
|   8|0x0000000700800000, 0x00000007008fc920, 0x0000000700900000| 98%| O|  |TS  0|AC  0|TAMS 0x0000000700800000, 0x0000000700800000|
|   9|0x0000000700900000, 0x00000007009f7520, 0x0000000700a00000| 96%| O|  |TS  0|AC  0|TAMS 0x0000000700900000, 0x0000000700900000|
|  10|0x0000000700a00000, 0x0000000700ae0f70, 0x0000000700b00000| 87%| O|  |TS  0|AC  0|TAMS 0x0000000700a00000, 0x0000000700a00000|
|  11|0x0000000700b00000, 0x0000000700bfd868, 0x0000000700c00000| 99%| O|  |TS  0|AC  0|TAMS 0x0000000700b00000, 0x0000000700b00000|
|  12|0x0000000700c00000, 0x0000000700cf1158, 0x0000000700d00000| 94%| O|  |TS  0|AC  0|TAMS 0x0000000700c00000, 0x0000000700c00000|
|  13|0x0000000700d00000, 0x0000000700dffff0, 0x0000000700e00000| 99%| O|  |TS  0|AC  0|TAMS 0x0000000700d00000, 0x0000000700d00000|
|  14|0x0000000700e00000, 0x0000000700eae598, 0x0000000700f00000| 68%| O|  |TS  0|AC  0|TAMS 0x0000000700e00000, 0x0000000700e00000|
|  15|0x0000000700f00000, 0x0000000701000000, 0x0000000701000000|100%| O|  |TS  0|AC  0|TAMS 0x0000000700f00000, 0x0000000700f00000|
|  16|0x0000000701000000, 0x00000007010fffc0, 0x0000000701100000| 99%| O|  |TS  0|AC  0|TAMS 0x0000000701000000, 0x0000000701000000|
|  17|0x0000000701100000, 0x00000007011fa110, 0x0000000701200000| 97%| O|  |TS  0|AC  0|TAMS 0x0000000701100000, 0x0000000701100000|
|  18|0x0000000701200000, 0x00000007012ffff8, 0x0000000701300000| 99%| O|  |TS  0|AC  0|TAMS 0x0000000701200000, 0x0000000701200000|
|  19|0x0000000701300000, 0x00000007013fffb0, 0x0000000701400000| 99%| O|  |TS  0|AC  0|TAMS 0x0000000701300000, 0x0000000701300000|
|  20|0x0000000701400000, 0x00000007014fff08, 0x0000000701500000| 99%| O|  |TS  0|AC  0|TAMS 0x0000000701400000, 0x0000000701400000|
|  21|0x0000000701500000, 0x00000007015ff2f8, 0x0000000701600000| 99%| O|  |TS  0|AC  0|TAMS 0x0000000701500000, 0x0000000701500000|
|  22|0x0000000701600000, 0x00000007016ffff8, 0x0000000701700000| 99%| O|  |TS  0|AC  0|TAMS 0x0000000701600000, 0x0000000701600000|
|  23|0x0000000701700000, 0x00000007017ffff8, 0x0000000701800000| 99%| O|  |TS  0|AC  0|TAMS 0x0000000701700000, 0x0000000701700000|
|  24|0x0000000701800000, 0x00000007018fff08, 0x0000000701900000| 99%| O|  |TS  0|AC  0|TAMS 0x0000000701800000, 0x0000000701800000|
|  25|0x0000000701900000, 0x0000000701a00000, 0x0000000701a00000|100%| O|  |TS  0|AC  0|TAMS 0x0000000701900000, 0x0000000701900000|
|  26|0x0000000701a00000, 0x0000000701affff8, 0x0000000701b00000| 99%| O|  |TS  0|AC  0|TAMS 0x0000000701a00000, 0x0000000701a00000|
|  27|0x0000000701b00000, 0x0000000701bffff0, 0x0000000701c00000| 99%| O|  |TS  0|AC  0|TAMS 0x0000000701b00000, 0x0000000701b00000|
|  28|0x0000000701c00000, 0x0000000701cffff0, 0x0000000701d00000| 99%| O|  |TS  0|AC  0|TAMS 0x0000000701c00000, 0x0000000701c00000|
|  29|0x0000000701d00000, 0x0000000701dffff8, 0x0000000701e00000| 99%| O|  |TS  0|AC  0|TAMS 0x0000000701d00000, 0x0000000701d00000|
|  30|0x0000000701e00000, 0x0000000701f00000, 0x0000000701f00000|100%| O|  |TS  0|AC  0|TAMS 0x0000000701e00000, 0x0000000701e00000|
|  31|0x0000000701f00000, 0x0000000701fffff8, 0x0000000702000000| 99%| O|  |TS  0|AC  0|TAMS 0x0000000701f00000, 0x0000000701f00000|
|  32|0x0000000702000000, 0x00000007020fffe8, 0x0000000702100000| 99%| O|  |TS  0|AC  0|TAMS 0x0000000702000000, 0x0000000702000000|
|  33|0x0000000702100000, 0x00000007021efba8, 0x0000000702200000| 93%| O|  |TS  0|AC  0|TAMS 0x0000000702100000, 0x0000000702100000|
|  34|0x0000000702200000, 0x00000007022ffe88, 0x0000000702300000| 99%| O|  |TS  0|AC  0|TAMS 0x0000000702200000, 0x0000000702200000|
|  35|0x0000000702300000, 0x00000007023ffff8, 0x0000000702400000| 99%| O|  |TS  0|AC  0|TAMS 0x0000000702300000, 0x0000000702300000|
|  36|0x0000000702400000, 0x00000007024fffd0, 0x0000000702500000| 99%| O|  |TS  0|AC  0|TAMS 0x0000000702400000, 0x0000000702400000|
|  37|0x0000000702500000, 0x00000007025ffa90, 0x0000000702600000| 99%| O|  |TS  0|AC  0|TAMS 0x0000000702500000, 0x0000000702500000|
|  38|0x0000000702600000, 0x00000007026fffe8, 0x0000000702700000| 99%| O|  |TS  0|AC  0|TAMS 0x0000000702600000, 0x0000000702600000|
|  39|0x0000000702700000, 0x00000007027ffff0, 0x0000000702800000| 99%| O|  |TS  0|AC  0|TAMS 0x0000000702700000, 0x0000000702700000|
|  40|0x0000000702800000, 0x00000007028ffe60, 0x0000000702900000| 99%| O|  |TS  0|AC  0|TAMS 0x0000000702800000, 0x0000000702800000|
|  41|0x0000000702900000, 0x0000000702a00000, 0x0000000702a00000|100%| O|  |TS  0|AC  0|TAMS 0x0000000702900000, 0x0000000702900000|
|  42|0x0000000702a00000, 0x0000000702b00000, 0x0000000702b00000|100%| O|  |TS  0|AC  0|TAMS 0x0000000702a00000, 0x0000000702a00000|
|  43|0x0000000702b00000, 0x0000000702bfffd8, 0x0000000702c00000| 99%| O|  |TS  0|AC  0|TAMS 0x0000000702b00000, 0x0000000702b00000|
|  44|0x0000000702c00000, 0x0000000702cff860, 0x0000000702d00000| 99%| O|  |TS  0|AC  0|TAMS 0x0000000702c00000, 0x0000000702c00000|
|  45|0x0000000702d00000, 0x0000000702dfffe0, 0x0000000702e00000| 99%| O|  |TS  0|AC  0|TAMS 0x0000000702d00000, 0x0000000702d00000|
|  46|0x0000000702e00000, 0x0000000702efffe8, 0x0000000702f00000| 99%| O|  |TS  0|AC  0|TAMS 0x0000000702e00000, 0x0000000702e00000|
|  47|0x0000000702f00000, 0x0000000702ffffc0, 0x0000000703000000| 99%| O|  |TS  0|AC  0|TAMS 0x0000000702f00000, 0x0000000702f00000|
|  48|0x0000000703000000, 0x00000007030ff3f8, 0x0000000703100000| 99%| O|  |TS  0|AC  0|TAMS 0x0000000703000000, 0x0000000703000000|
|  49|0x0000000703100000, 0x0000000703200000, 0x0000000703200000|100%| O|  |TS  0|AC  0|TAMS 0x0000000703100000, 0x0000000703100000|
|  50|0x0000000703200000, 0x00000007032d1308, 0x0000000703300000| 81%| O|  |TS  0|AC  0|TAMS 0x0000000703200000, 0x0000000703200000|
|  51|0x0000000703300000, 0x00000007033ffea8, 0x0000000703400000| 99%| O|  |TS  0|AC  0|TAMS 0x0000000703300000, 0x0000000703300000|
|  52|0x0000000703400000, 0x0000000703500000, 0x0000000703500000|100%| O|  |TS  0|AC  0|TAMS 0x0000000703400000, 0x0000000703400000|
|  53|0x0000000703500000, 0x00000007035ffee0, 0x0000000703600000| 99%| O|  |TS  0|AC  0|TAMS 0x0000000703500000, 0x0000000703500000|
|  54|0x0000000703600000, 0x00000007036ffff0, 0x0000000703700000| 99%| O|  |TS  0|AC  0|TAMS 0x0000000703600000, 0x0000000703600000|
|  55|0x0000000703700000, 0x00000007037fb4b8, 0x0000000703800000| 98%| O|  |TS  0|AC  0|TAMS 0x0000000703700000, 0x0000000703700000|
|  56|0x0000000703800000, 0x00000007038fff70, 0x0000000703900000| 99%| O|  |TS  0|AC  0|TAMS 0x0000000703800000, 0x0000000703800000|
|  57|0x0000000703900000, 0x0000000703a00000, 0x0000000703a00000|100%| O|  |TS  0|AC  0|TAMS 0x0000000703900000, 0x0000000703900000|
|  58|0x0000000703a00000, 0x0000000703b00000, 0x0000000703b00000|100%| O|  |TS  0|AC  0|TAMS 0x0000000703a00000, 0x0000000703a00000|
|  59|0x0000000703b00000, 0x0000000703c00000, 0x0000000703c00000|100%| O|  |TS  0|AC  0|TAMS 0x0000000703b00000, 0x0000000703b00000|
|  60|0x0000000703c00000, 0x0000000703cfffe0, 0x0000000703d00000| 99%| O|  |TS  0|AC  0|TAMS 0x0000000703c00000, 0x0000000703c00000|
|  61|0x0000000703d00000, 0x0000000703e00000, 0x0000000703e00000|100%| O|  |TS  0|AC  0|TAMS 0x0000000703d00000, 0x0000000703d00000|
|  62|0x0000000703e00000, 0x0000000703efffe0, 0x0000000703f00000| 99%| O|  |TS  0|AC  0|TAMS 0x0000000703e00000, 0x0000000703e00000|
|  63|0x0000000703f00000, 0x0000000703ffffc0, 0x0000000704000000| 99%| O|  |TS  0|AC  0|TAMS 0x0000000703f00000, 0x0000000703f00000|
|  64|0x0000000704000000, 0x00000007040ffff8, 0x0000000704100000| 99%| O|  |TS  0|AC  0|TAMS 0x0000000704000000, 0x0000000704000000|
|  65|0x0000000704100000, 0x00000007041fffc0, 0x0000000704200000| 99%| O|  |TS  0|AC  0|TAMS 0x0000000704100000, 0x0000000704100000|
|  66|0x0000000704200000, 0x00000007042fffe0, 0x0000000704300000| 99%| O|  |TS  0|AC  0|TAMS 0x0000000704200000, 0x0000000704200000|
|  67|0x0000000704300000, 0x00000007043ffff8, 0x0000000704400000| 99%| O|  |TS  0|AC  0|TAMS 0x0000000704300000, 0x0000000704300000|
|  68|0x0000000704400000, 0x00000007044ffee8, 0x0000000704500000| 99%| O|  |TS  0|AC  0|TAMS 0x0000000704400000, 0x0000000704400000|
|  69|0x0000000704500000, 0x00000007045ffd68, 0x0000000704600000| 99%| O|  |TS  0|AC  0|TAMS 0x0000000704500000, 0x0000000704500000|
|  70|0x0000000704600000, 0x00000007046fffd8, 0x0000000704700000| 99%| O|  |TS  0|AC  0|TAMS 0x0000000704600000, 0x0000000704600000|
|  71|0x0000000704700000, 0x00000007047fff40, 0x0000000704800000| 99%| O|  |TS  0|AC  0|TAMS 0x0000000704700000, 0x0000000704700000|
|  72|0x0000000704800000, 0x00000007048ffff8, 0x0000000704900000| 99%| O|  |TS  0|AC  0|TAMS 0x0000000704800000, 0x0000000704800000|
|  73|0x0000000704900000, 0x00000007049ffff8, 0x0000000704a00000| 99%| O|  |TS  0|AC  0|TAMS 0x0000000704900000, 0x0000000704900000|
|  74|0x0000000704a00000, 0x0000000704ad5b38, 0x0000000704b00000| 83%| O|  |TS  0|AC  0|TAMS 0x0000000704a00000, 0x0000000704a00000|
|  75|0x0000000704b00000, 0x0000000704c00000, 0x0000000704c00000|100%| O|  |TS  0|AC  0|TAMS 0x0000000704b00000, 0x0000000704b00000|
|  76|0x0000000704c00000, 0x0000000704ca70d8, 0x0000000704d00000| 65%| O|  |TS  0|AC  0|TAMS 0x0000000704c00000, 0x0000000704c00000|
|  77|0x0000000704d00000, 0x0000000704d00000, 0x0000000704e00000|  0%| F|  |TS  0|AC  0|TAMS 0x0000000704d00000, 0x0000000704d00000|
|  78|0x0000000704e00000, 0x0000000704e00000, 0x0000000704f00000|  0%| F|  |TS  0|AC  0|TAMS 0x0000000704e00000, 0x0000000704e00000|
|  79|0x0000000704f00000, 0x0000000704f00000, 0x0000000705000000|  0%| F|  |TS  0|AC  0|TAMS 0x0000000704f00000, 0x0000000704f00000|
|  80|0x0000000705000000, 0x0000000705000000, 0x0000000705100000|  0%| F|  |TS  0|AC  0|TAMS 0x0000000705000000, 0x0000000705000000|
|  81|0x0000000705100000, 0x0000000705100000, 0x0000000705200000|  0%| F|  |TS  0|AC  0|TAMS 0x0000000705100000, 0x0000000705100000|
|  82|0x0000000705200000, 0x0000000705200000, 0x0000000705300000|  0%| F|  |TS  0|AC  0|TAMS 0x0000000705200000, 0x0000000705200000|
|  83|0x0000000705300000, 0x0000000705300000, 0x0000000705400000|  0%| F|  |TS  0|AC  0|TAMS 0x0000000705300000, 0x0000000705300000|
|  84|0x0000000705400000, 0x0000000705400000, 0x0000000705500000|  0%| F|  |TS  0|AC  0|TAMS 0x0000000705400000, 0x0000000705400000|
|  85|0x0000000705500000, 0x0000000705500000, 0x0000000705600000|  0%| F|  |TS  0|AC  0|TAMS 0x0000000705500000, 0x0000000705500000|
|  86|0x0000000705600000, 0x0000000705700000, 0x0000000705700000|100%|HS|  |TS  0|AC  0|TAMS 0x0000000705600000, 0x0000000705600000|
|  87|0x0000000705700000, 0x0000000705800000, 0x0000000705800000|100%|HC|  |TS  0|AC  0|TAMS 0x0000000705700000, 0x0000000705700000|
|  88|0x0000000705800000, 0x0000000705900000, 0x0000000705900000|100%|HC|  |TS  0|AC  0|TAMS 0x0000000705800000, 0x0000000705800000|
|  89|0x0000000705900000, 0x0000000705a00000, 0x0000000705a00000|100%|HC|  |TS  0|AC  0|TAMS 0x0000000705900000, 0x0000000705900000|
|  90|0x0000000705a00000, 0x0000000705b00000, 0x0000000705b00000|100%|HC|  |TS  0|AC  0|TAMS 0x0000000705a00000, 0x0000000705a00000|
|  91|0x0000000705b00000, 0x0000000705c00000, 0x0000000705c00000|100%|HC|  |TS  0|AC  0|TAMS 0x0000000705b00000, 0x0000000705b00000|
|  92|0x0000000705c00000, 0x0000000705d00000, 0x0000000705d00000|100%|HC|  |TS  0|AC  0|TAMS 0x0000000705c00000, 0x0000000705c00000|
|  93|0x0000000705d00000, 0x0000000705e00000, 0x0000000705e00000|100%|HC|  |TS  0|AC  0|TAMS 0x0000000705d00000, 0x0000000705d00000|
|  94|0x0000000705e00000, 0x0000000705e00000, 0x0000000705f00000|  0%| F|  |TS  0|AC  0|TAMS 0x0000000705e00000, 0x0000000705e00000|
|  95|0x0000000705f00000, 0x0000000705f00000, 0x0000000706000000|  0%| F|  |TS  0|AC  0|TAMS 0x0000000705f00000, 0x0000000705f00000|
|  96|0x0000000706000000, 0x0000000706100000, 0x0000000706100000|100%|HS|  |TS  0|AC  0|TAMS 0x0000000706000000, 0x0000000706000000|
|  97|0x0000000706100000, 0x0000000706200000, 0x0000000706200000|100%|HC|  |TS  0|AC  0|TAMS 0x0000000706100000, 0x0000000706100000|
|  98|0x0000000706200000, 0x0000000706300000, 0x0000000706300000|100%|HC|  |TS  0|AC  0|TAMS 0x0000000706200000, 0x0000000706200000|
|  99|0x0000000706300000, 0x0000000706400000, 0x0000000706400000|100%|HC|  |TS  0|AC  0|TAMS 0x0000000706300000, 0x0000000706300000|
| 100|0x0000000706400000, 0x0000000706400000, 0x0000000706500000|  0%| F|  |TS  0|AC  0|TAMS 0x0000000706400000, 0x0000000706400000|
| 101|0x0000000706500000, 0x0000000706500000, 0x0000000706600000|  0%| F|  |TS  0|AC  0|TAMS 0x0000000706500000, 0x0000000706500000|
| 102|0x0000000706600000, 0x0000000706600000, 0x0000000706700000|  0%| F|  |TS  0|AC  0|TAMS 0x0000000706600000, 0x0000000706600000|
| 103|0x0000000706700000, 0x0000000706700000, 0x0000000706800000|  0%| F|  |TS  0|AC  0|TAMS 0x0000000706700000, 0x0000000706700000|
| 104|0x0000000706800000, 0x0000000706800000, 0x0000000706900000|  0%| F|  |TS  0|AC  0|TAMS 0x0000000706800000, 0x0000000706800000|
| 105|0x0000000706900000, 0x0000000706900000, 0x0000000706a00000|  0%| F|  |TS  0|AC  0|TAMS 0x0000000706900000, 0x0000000706900000|
| 106|0x0000000706a00000, 0x0000000706a00000, 0x0000000706b00000|  0%| F|  |TS  0|AC  0|TAMS 0x0000000706a00000, 0x0000000706a00000|
| 107|0x0000000706b00000, 0x0000000706b00000, 0x0000000706c00000|  0%| F|  |TS  0|AC  0|TAMS 0x0000000706b00000, 0x0000000706b00000|
| 108|0x0000000706c00000, 0x0000000706c00000, 0x0000000706d00000|  0%| F|  |TS  0|AC  0|TAMS 0x0000000706c00000, 0x0000000706c00000|
| 109|0x0000000706d00000, 0x0000000706d00000, 0x0000000706e00000|  0%| F|  |TS  0|AC  0|TAMS 0x0000000706d00000, 0x0000000706d00000|
| 110|0x0000000706e00000, 0x0000000706e00000, 0x0000000706f00000|  0%| F|  |TS  0|AC  0|TAMS 0x0000000706e00000, 0x0000000706e00000|
| 111|0x0000000706f00000, 0x0000000706f00000, 0x0000000707000000|  0%| F|  |TS  0|AC  0|TAMS 0x0000000706f00000, 0x0000000706f00000|
| 112|0x0000000707000000, 0x0000000707000000, 0x0000000707100000|  0%| F|  |TS  0|AC  0|TAMS 0x0000000707000000, 0x0000000707000000|
| 113|0x0000000707100000, 0x0000000707100000, 0x0000000707200000|  0%| F|  |TS  0|AC  0|TAMS 0x0000000707100000, 0x0000000707100000|
| 114|0x0000000707200000, 0x0000000707200000, 0x0000000707300000|  0%| F|  |TS  0|AC  0|TAMS 0x0000000707200000, 0x0000000707200000|
| 115|0x0000000707300000, 0x0000000707300000, 0x0000000707400000|  0%| F|  |TS  0|AC  0|TAMS 0x0000000707300000, 0x0000000707300000|
| 116|0x0000000707400000, 0x0000000707400000, 0x0000000707500000|  0%| F|  |TS  0|AC  0|TAMS 0x0000000707400000, 0x0000000707400000|
| 117|0x0000000707500000, 0x0000000707500000, 0x0000000707600000|  0%| F|  |TS  0|AC  0|TAMS 0x0000000707500000, 0x0000000707500000|
| 118|0x0000000707600000, 0x0000000707600000, 0x0000000707700000|  0%| F|  |TS  0|AC  0|TAMS 0x0000000707600000, 0x0000000707600000|
| 119|0x0000000707700000, 0x0000000707700000, 0x0000000707800000|  0%| F|  |TS  0|AC  0|TAMS 0x0000000707700000, 0x0000000707700000|
| 120|0x0000000707800000, 0x0000000707800000, 0x0000000707900000|  0%| F|  |TS  0|AC  0|TAMS 0x0000000707800000, 0x0000000707800000|
| 121|0x0000000707900000, 0x0000000707900000, 0x0000000707a00000|  0%| F|  |TS  0|AC  0|TAMS 0x0000000707900000, 0x0000000707900000|
| 122|0x0000000707a00000, 0x0000000707a00000, 0x0000000707b00000|  0%| F|  |TS  0|AC  0|TAMS 0x0000000707a00000, 0x0000000707a00000|
| 123|0x0000000707b00000, 0x0000000707b00000, 0x0000000707c00000|  0%| F|  |TS  0|AC  0|TAMS 0x0000000707b00000, 0x0000000707b00000|
| 124|0x0000000707c00000, 0x0000000707c00000, 0x0000000707d00000|  0%| F|  |TS  0|AC  0|TAMS 0x0000000707c00000, 0x0000000707c00000|
| 125|0x0000000707d00000, 0x0000000707d00000, 0x0000000707e00000|  0%| F|  |TS  0|AC  0|TAMS 0x0000000707d00000, 0x0000000707d00000|
| 126|0x0000000707e00000, 0x0000000707e00000, 0x0000000707f00000|  0%| F|  |TS  0|AC  0|TAMS 0x0000000707e00000, 0x0000000707e00000|
| 127|0x0000000707f00000, 0x0000000707f00000, 0x0000000708000000|  0%| F|  |TS  0|AC  0|TAMS 0x0000000707f00000, 0x0000000707f00000|
| 128|0x0000000708000000, 0x0000000708000000, 0x0000000708100000|  0%| F|  |TS  0|AC  0|TAMS 0x0000000708000000, 0x0000000708000000|
| 129|0x0000000708100000, 0x0000000708100000, 0x0000000708200000|  0%| F|  |TS  0|AC  0|TAMS 0x0000000708100000, 0x0000000708100000|
| 130|0x0000000708200000, 0x0000000708200000, 0x0000000708300000|  0%| F|  |TS  0|AC  0|TAMS 0x0000000708200000, 0x0000000708200000|
| 131|0x0000000708300000, 0x0000000708300000, 0x0000000708400000|  0%| F|  |TS  0|AC  0|TAMS 0x0000000708300000, 0x0000000708300000|
| 132|0x0000000708400000, 0x0000000708400000, 0x0000000708500000|  0%| F|  |TS  0|AC  0|TAMS 0x0000000708400000, 0x0000000708400000|
| 133|0x0000000708500000, 0x0000000708500000, 0x0000000708600000|  0%| F|  |TS  0|AC  0|TAMS 0x0000000708500000, 0x0000000708500000|
| 134|0x0000000708600000, 0x0000000708600000, 0x0000000708700000|  0%| F|  |TS  0|AC  0|TAMS 0x0000000708600000, 0x0000000708600000|
| 135|0x0000000708700000, 0x0000000708700000, 0x0000000708800000|  0%| F|  |TS  0|AC  0|TAMS 0x0000000708700000, 0x0000000708700000|
| 136|0x0000000708800000, 0x0000000708800000, 0x0000000708900000|  0%| F|  |TS  0|AC  0|TAMS 0x0000000708800000, 0x0000000708800000|
| 137|0x0000000708900000, 0x0000000708900000, 0x0000000708a00000|  0%| F|  |TS  0|AC  0|TAMS 0x0000000708900000, 0x0000000708900000|
| 138|0x0000000708a00000, 0x0000000708a00000, 0x0000000708b00000|  0%| F|  |TS  0|AC  0|TAMS 0x0000000708a00000, 0x0000000708a00000|
| 139|0x0000000708b00000, 0x0000000708b00000, 0x0000000708c00000|  0%| F|  |TS  0|AC  0|TAMS 0x0000000708b00000, 0x0000000708b00000|
| 140|0x0000000708c00000, 0x0000000708c00000, 0x0000000708d00000|  0%| F|  |TS  0|AC  0|TAMS 0x0000000708c00000, 0x0000000708c00000|
| 141|0x0000000708d00000, 0x0000000708d00000, 0x0000000708e00000|  0%| F|  |TS  0|AC  0|TAMS 0x0000000708d00000, 0x0000000708d00000|
| 142|0x0000000708e00000, 0x0000000708e00000, 0x0000000708f00000|  0%| F|  |TS  0|AC  0|TAMS 0x0000000708e00000, 0x0000000708e00000|
| 143|0x0000000708f00000, 0x0000000708f00000, 0x0000000709000000|  0%| F|  |TS  0|AC  0|TAMS 0x0000000708f00000, 0x0000000708f00000|
| 144|0x0000000709000000, 0x0000000709000000, 0x0000000709100000|  0%| F|  |TS  0|AC  0|TAMS 0x0000000709000000, 0x0000000709000000|
| 145|0x0000000709100000, 0x0000000709100000, 0x0000000709200000|  0%| F|  |TS  0|AC  0|TAMS 0x0000000709100000, 0x0000000709100000|
| 146|0x0000000709200000, 0x0000000709200000, 0x0000000709300000|  0%| F|  |TS  0|AC  0|TAMS 0x0000000709200000, 0x0000000709200000|
| 147|0x0000000709300000, 0x0000000709300000, 0x0000000709400000|  0%| F|  |TS  0|AC  0|TAMS 0x0000000709300000, 0x0000000709300000|
| 148|0x0000000709400000, 0x0000000709400000, 0x0000000709500000|  0%| F|  |TS  0|AC  0|TAMS 0x0000000709400000, 0x0000000709400000|
| 149|0x0000000709500000, 0x0000000709500000, 0x0000000709600000|  0%| F|  |TS  0|AC  0|TAMS 0x0000000709500000, 0x0000000709500000|
| 150|0x0000000709600000, 0x0000000709600000, 0x0000000709700000|  0%| F|  |TS  0|AC  0|TAMS 0x0000000709600000, 0x0000000709600000|
| 151|0x0000000709700000, 0x0000000709700000, 0x0000000709800000|  0%| F|  |TS  0|AC  0|TAMS 0x0000000709700000, 0x0000000709700000|
| 152|0x0000000709800000, 0x0000000709800000, 0x0000000709900000|  0%| F|  |TS  0|AC  0|TAMS 0x0000000709800000, 0x0000000709800000|
| 153|0x0000000709900000, 0x0000000709900000, 0x0000000709a00000|  0%| F|  |TS  0|AC  0|TAMS 0x0000000709900000, 0x0000000709900000|
| 154|0x0000000709a00000, 0x0000000709a00000, 0x0000000709b00000|  0%| F|  |TS  0|AC  0|TAMS 0x0000000709a00000, 0x0000000709a00000|
| 155|0x0000000709b00000, 0x0000000709b00000, 0x0000000709c00000|  0%| F|  |TS  0|AC  0|TAMS 0x0000000709b00000, 0x0000000709b00000|
| 156|0x0000000709c00000, 0x0000000709c00000, 0x0000000709d00000|  0%| F|  |TS  0|AC  0|TAMS 0x0000000709c00000, 0x0000000709c00000|
| 157|0x0000000709d00000, 0x0000000709d00000, 0x0000000709e00000|  0%| F|  |TS  0|AC  0|TAMS 0x0000000709d00000, 0x0000000709d00000|
| 158|0x0000000709e00000, 0x0000000709e00000, 0x0000000709f00000|  0%| F|  |TS  0|AC  0|TAMS 0x0000000709e00000, 0x0000000709e00000|
| 159|0x0000000709f00000, 0x0000000709f00000, 0x000000070a000000|  0%| F|  |TS  0|AC  0|TAMS 0x0000000709f00000, 0x0000000709f00000|
| 160|0x000000070a000000, 0x000000070a000000, 0x000000070a100000|  0%| F|  |TS  0|AC  0|TAMS 0x000000070a000000, 0x000000070a000000|
| 161|0x000000070a100000, 0x000000070a100000, 0x000000070a200000|  0%| F|  |TS  0|AC  0|TAMS 0x000000070a100000, 0x000000070a100000|
| 162|0x000000070a200000, 0x000000070a200000, 0x000000070a300000|  0%| F|  |TS  0|AC  0|TAMS 0x000000070a200000, 0x000000070a200000|
| 163|0x000000070a300000, 0x000000070a300000, 0x000000070a400000|  0%| F|  |TS  0|AC  0|TAMS 0x000000070a300000, 0x000000070a300000|
| 164|0x000000070a400000, 0x000000070a400000, 0x000000070a500000|  0%| F|  |TS  0|AC  0|TAMS 0x000000070a400000, 0x000000070a400000|
| 165|0x000000070a500000, 0x000000070a500000, 0x000000070a600000|  0%| F|  |TS  0|AC  0|TAMS 0x000000070a500000, 0x000000070a500000|
| 166|0x000000070a600000, 0x000000070a600000, 0x000000070a700000|  0%| F|  |TS  0|AC  0|TAMS 0x000000070a600000, 0x000000070a600000|
| 167|0x000000070a700000, 0x000000070a700000, 0x000000070a800000|  0%| F|  |TS  0|AC  0|TAMS 0x000000070a700000, 0x000000070a700000|
| 168|0x000000070a800000, 0x000000070a800000, 0x000000070a900000|  0%| F|  |TS  0|AC  0|TAMS 0x000000070a800000, 0x000000070a800000|
| 169|0x000000070a900000, 0x000000070a900000, 0x000000070aa00000|  0%| F|  |TS  0|AC  0|TAMS 0x000000070a900000, 0x000000070a900000|
| 170|0x000000070aa00000, 0x000000070aa00000, 0x000000070ab00000|  0%| F|  |TS  0|AC  0|TAMS 0x000000070aa00000, 0x000000070aa00000|
| 171|0x000000070ab00000, 0x000000070ab00000, 0x000000070ac00000|  0%| F|  |TS  0|AC  0|TAMS 0x000000070ab00000, 0x000000070ab00000|
| 172|0x000000070ac00000, 0x000000070ac00000, 0x000000070ad00000|  0%| F|  |TS  0|AC  0|TAMS 0x000000070ac00000, 0x000000070ac00000|
| 173|0x000000070ad00000, 0x000000070ad00000, 0x000000070ae00000|  0%| F|  |TS  0|AC  0|TAMS 0x000000070ad00000, 0x000000070ad00000|
| 174|0x000000070ae00000, 0x000000070ae00000, 0x000000070af00000|  0%| F|  |TS  0|AC  0|TAMS 0x000000070ae00000, 0x000000070ae00000|
| 175|0x000000070af00000, 0x000000070af00000, 0x000000070b000000|  0%| F|  |TS  0|AC  0|TAMS 0x000000070af00000, 0x000000070af00000|
| 176|0x000000070b000000, 0x000000070b000000, 0x000000070b100000|  0%| F|  |TS  0|AC  0|TAMS 0x000000070b000000, 0x000000070b000000|
| 177|0x000000070b100000, 0x000000070b100000, 0x000000070b200000|  0%| F|  |TS  0|AC  0|TAMS 0x000000070b100000, 0x000000070b100000|
| 178|0x000000070b200000, 0x000000070b200000, 0x000000070b300000|  0%| F|  |TS  0|AC  0|TAMS 0x000000070b200000, 0x000000070b200000|
| 179|0x000000070b300000, 0x000000070b300000, 0x000000070b400000|  0%| F|  |TS  0|AC  0|TAMS 0x000000070b300000, 0x000000070b300000|
| 180|0x000000070b400000, 0x000000070b400000, 0x000000070b500000|  0%| F|  |TS  0|AC  0|TAMS 0x000000070b400000, 0x000000070b400000|
| 181|0x000000070b500000, 0x000000070b500000, 0x000000070b600000|  0%| F|  |TS  0|AC  0|TAMS 0x000000070b500000, 0x000000070b500000|
| 182|0x000000070b600000, 0x000000070b600000, 0x000000070b700000|  0%| F|  |TS  0|AC  0|TAMS 0x000000070b600000, 0x000000070b600000|
| 183|0x000000070b700000, 0x000000070b700000, 0x000000070b800000|  0%| F|  |TS  0|AC  0|TAMS 0x000000070b700000, 0x000000070b700000|
| 184|0x000000070b800000, 0x000000070b800000, 0x000000070b900000|  0%| F|  |TS  0|AC  0|TAMS 0x000000070b800000, 0x000000070b800000|
| 185|0x000000070b900000, 0x000000070b900000, 0x000000070ba00000|  0%| F|  |TS  0|AC  0|TAMS 0x000000070b900000, 0x000000070b900000|
| 186|0x000000070ba00000, 0x000000070ba00000, 0x000000070bb00000|  0%| F|  |TS  0|AC  0|TAMS 0x000000070ba00000, 0x000000070ba00000|
| 187|0x000000070bb00000, 0x000000070bb00000, 0x000000070bc00000|  0%| F|  |TS  0|AC  0|TAMS 0x000000070bb00000, 0x000000070bb00000|
| 188|0x000000070bc00000, 0x000000070bc00000, 0x000000070bd00000|  0%| F|  |TS  0|AC  0|TAMS 0x000000070bc00000, 0x000000070bc00000|
| 189|0x000000070bd00000, 0x000000070bd00000, 0x000000070be00000|  0%| F|  |TS  0|AC  0|TAMS 0x000000070bd00000, 0x000000070bd00000|
| 190|0x000000070be00000, 0x000000070be00000, 0x000000070bf00000|  0%| F|  |TS  0|AC  0|TAMS 0x000000070be00000, 0x000000070be00000|
| 191|0x000000070bf00000, 0x000000070bf75af8, 0x000000070c000000| 45%| S|CS|TS  1|AC  0|TAMS 0x000000070bf00000, 0x000000070bf00000|
| 192|0x000000070c000000, 0x000000070c000000, 0x000000070c100000|  0%| F|  |TS  1|AC  0|TAMS 0x000000070c000000, 0x000000070c000000|
| 193|0x000000070c100000, 0x000000070c100000, 0x000000070c200000|  0%| F|  |TS  1|AC  0|TAMS 0x000000070c100000, 0x000000070c100000|
| 194|0x000000070c200000, 0x000000070c200000, 0x000000070c300000|  0%| F|  |TS  1|AC  0|TAMS 0x000000070c200000, 0x000000070c200000|
| 195|0x000000070c300000, 0x000000070c300000, 0x000000070c400000|  0%| F|  |TS  1|AC  0|TAMS 0x000000070c300000, 0x000000070c300000|
| 196|0x000000070c400000, 0x000000070c400000, 0x000000070c500000|  0%| F|  |TS  1|AC  0|TAMS 0x000000070c400000, 0x000000070c400000|
| 197|0x000000070c500000, 0x000000070c500000, 0x000000070c600000|  0%| F|  |TS  1|AC  0|TAMS 0x000000070c500000, 0x000000070c500000|
| 198|0x000000070c600000, 0x000000070c600000, 0x000000070c700000|  0%| F|  |TS  1|AC  0|TAMS 0x000000070c600000, 0x000000070c600000|
| 199|0x000000070c700000, 0x000000070c700000, 0x000000070c800000|  0%| F|  |TS  1|AC  0|TAMS 0x000000070c700000, 0x000000070c700000|
| 200|0x000000070c800000, 0x000000070c800000, 0x000000070c900000|  0%| F|  |TS  1|AC  0|TAMS 0x000000070c800000, 0x000000070c800000|
| 201|0x000000070c900000, 0x000000070c900000, 0x000000070ca00000|  0%| F|  |TS  1|AC  0|TAMS 0x000000070c900000, 0x000000070c900000|
| 202|0x000000070ca00000, 0x000000070ca00000, 0x000000070cb00000|  0%| F|  |TS  1|AC  0|TAMS 0x000000070ca00000, 0x000000070ca00000|
| 203|0x000000070cb00000, 0x000000070cb00000, 0x000000070cc00000|  0%| F|  |TS  1|AC  0|TAMS 0x000000070cb00000, 0x000000070cb00000|
| 204|0x000000070cc00000, 0x000000070cc00000, 0x000000070cd00000|  0%| F|  |TS  1|AC  0|TAMS 0x000000070cc00000, 0x000000070cc00000|
| 205|0x000000070cd00000, 0x000000070cd00000, 0x000000070ce00000|  0%| F|  |TS  1|AC  0|TAMS 0x000000070cd00000, 0x000000070cd00000|
| 206|0x000000070ce00000, 0x000000070ce00000, 0x000000070cf00000|  0%| F|  |TS  1|AC  0|TAMS 0x000000070ce00000, 0x000000070ce00000|
| 207|0x000000070cf00000, 0x000000070cf00000, 0x000000070d000000|  0%| F|  |TS  1|AC  0|TAMS 0x000000070cf00000, 0x000000070cf00000|
| 208|0x000000070d000000, 0x000000070d000000, 0x000000070d100000|  0%| F|  |TS  1|AC  0|TAMS 0x000000070d000000, 0x000000070d000000|
| 209|0x000000070d100000, 0x000000070d100000, 0x000000070d200000|  0%| F|  |TS  1|AC  0|TAMS 0x000000070d100000, 0x000000070d100000|
| 210|0x000000070d200000, 0x000000070d200000, 0x000000070d300000|  0%| F|  |TS  1|AC  0|TAMS 0x000000070d200000, 0x000000070d200000|
| 211|0x000000070d300000, 0x000000070d300000, 0x000000070d400000|  0%| F|  |TS  1|AC  0|TAMS 0x000000070d300000, 0x000000070d300000|
| 212|0x000000070d400000, 0x000000070d400000, 0x000000070d500000|  0%| F|  |TS  1|AC  0|TAMS 0x000000070d400000, 0x000000070d400000|
| 213|0x000000070d500000, 0x000000070d500000, 0x000000070d600000|  0%| F|  |TS  1|AC  0|TAMS 0x000000070d500000, 0x000000070d500000|
| 214|0x000000070d600000, 0x000000070d600000, 0x000000070d700000|  0%| F|  |TS  1|AC  0|TAMS 0x000000070d600000, 0x000000070d600000|
| 215|0x000000070d700000, 0x000000070d700000, 0x000000070d800000|  0%| F|  |TS  1|AC  0|TAMS 0x000000070d700000, 0x000000070d700000|
| 216|0x000000070d800000, 0x000000070d800000, 0x000000070d900000|  0%| F|  |TS  1|AC  0|TAMS 0x000000070d800000, 0x000000070d800000|
| 217|0x000000070d900000, 0x000000070d900000, 0x000000070da00000|  0%| F|  |TS  1|AC  0|TAMS 0x000000070d900000, 0x000000070d900000|
| 218|0x000000070da00000, 0x000000070da00000, 0x000000070db00000|  0%| F|  |TS  1|AC  0|TAMS 0x000000070da00000, 0x000000070da00000|
| 219|0x000000070db00000, 0x000000070db00000, 0x000000070dc00000|  0%| F|  |TS  1|AC  0|TAMS 0x000000070db00000, 0x000000070db00000|
| 220|0x000000070dc00000, 0x000000070dc00000, 0x000000070dd00000|  0%| F|  |TS  1|AC  0|TAMS 0x000000070dc00000, 0x000000070dc00000|
| 221|0x000000070dd00000, 0x000000070dd00000, 0x000000070de00000|  0%| F|  |TS  1|AC  0|TAMS 0x000000070dd00000, 0x000000070dd00000|
| 222|0x000000070de00000, 0x000000070de00000, 0x000000070df00000|  0%| F|  |TS  1|AC  0|TAMS 0x000000070de00000, 0x000000070de00000|
| 223|0x000000070df00000, 0x000000070df00000, 0x000000070e000000|  0%| F|  |TS  1|AC  0|TAMS 0x000000070df00000, 0x000000070df00000|
| 224|0x000000070e000000, 0x000000070e000000, 0x000000070e100000|  0%| F|  |TS  1|AC  0|TAMS 0x000000070e000000, 0x000000070e000000|
| 225|0x000000070e100000, 0x000000070e100000, 0x000000070e200000|  0%| F|  |TS  1|AC  0|TAMS 0x000000070e100000, 0x000000070e100000|
| 226|0x000000070e200000, 0x000000070e200000, 0x000000070e300000|  0%| F|  |TS  1|AC  0|TAMS 0x000000070e200000, 0x000000070e200000|
| 227|0x000000070e300000, 0x000000070e300000, 0x000000070e400000|  0%| F|  |TS  1|AC  0|TAMS 0x000000070e300000, 0x000000070e300000|
| 228|0x000000070e400000, 0x000000070e400000, 0x000000070e500000|  0%| F|  |TS  1|AC  0|TAMS 0x000000070e400000, 0x000000070e400000|
| 229|0x000000070e500000, 0x000000070e500000, 0x000000070e600000|  0%| F|  |TS  1|AC  0|TAMS 0x000000070e500000, 0x000000070e500000|
| 230|0x000000070e600000, 0x000000070e600000, 0x000000070e700000|  0%| F|  |TS  1|AC  0|TAMS 0x000000070e600000, 0x000000070e600000|
| 231|0x000000070e700000, 0x000000070e700000, 0x000000070e800000|  0%| F|  |TS  1|AC  0|TAMS 0x000000070e700000, 0x000000070e700000|
| 232|0x000000070e800000, 0x000000070e800000, 0x000000070e900000|  0%| F|  |TS  1|AC  0|TAMS 0x000000070e800000, 0x000000070e800000|
| 233|0x000000070e900000, 0x000000070e9239a8, 0x000000070ea00000| 13%| E|  |TS  1|AC  0|TAMS 0x000000070e900000, 0x000000070e900000|
| 234|0x000000070ea00000, 0x000000070eb00000, 0x000000070eb00000|100%| E|CS|TS  1|AC  0|TAMS 0x000000070ea00000, 0x000000070ea00000|
| 235|0x000000070eb00000, 0x000000070ec00000, 0x000000070ec00000|100%| E|CS|TS  1|AC  0|TAMS 0x000000070eb00000, 0x000000070eb00000|
| 236|0x000000070ec00000, 0x000000070ed00000, 0x000000070ed00000|100%| E|CS|TS  1|AC  0|TAMS 0x000000070ec00000, 0x000000070ec00000|
| 237|0x000000070ed00000, 0x000000070ee00000, 0x000000070ee00000|100%| E|CS|TS  1|AC  0|TAMS 0x000000070ed00000, 0x000000070ed00000|
| 238|0x000000070ee00000, 0x000000070ef00000, 0x000000070ef00000|100%| E|CS|TS  1|AC  0|TAMS 0x000000070ee00000, 0x000000070ee00000|
| 239|0x000000070ef00000, 0x000000070f000000, 0x000000070f000000|100%| E|CS|TS  1|AC  0|TAMS 0x000000070ef00000, 0x000000070ef00000|
| 240|0x000000070f000000, 0x000000070f100000, 0x000000070f100000|100%| E|CS|TS  1|AC  0|TAMS 0x000000070f000000, 0x000000070f000000|
| 241|0x000000070f100000, 0x000000070f200000, 0x000000070f200000|100%| E|CS|TS  1|AC  0|TAMS 0x000000070f100000, 0x000000070f100000|
| 242|0x000000070f200000, 0x000000070f300000, 0x000000070f300000|100%| E|CS|TS  1|AC  0|TAMS 0x000000070f200000, 0x000000070f200000|
| 243|0x000000070f300000, 0x000000070f400000, 0x000000070f400000|100%| E|CS|TS  1|AC  0|TAMS 0x000000070f300000, 0x000000070f300000|
| 244|0x000000070f400000, 0x000000070f500000, 0x000000070f500000|100%| E|CS|TS  1|AC  0|TAMS 0x000000070f400000, 0x000000070f400000|
| 245|0x000000070f500000, 0x000000070f600000, 0x000000070f600000|100%| E|CS|TS  1|AC  0|TAMS 0x000000070f500000, 0x000000070f500000|
| 246|0x000000070f600000, 0x000000070f700000, 0x000000070f700000|100%| E|CS|TS  1|AC  0|TAMS 0x000000070f600000, 0x000000070f600000|
| 247|0x000000070f700000, 0x000000070f800000, 0x000000070f800000|100%| E|CS|TS  1|AC  0|TAMS 0x000000070f700000, 0x000000070f700000|
| 248|0x000000070f800000, 0x000000070f900000, 0x000000070f900000|100%| E|CS|TS  1|AC  0|TAMS 0x000000070f800000, 0x000000070f800000|
| 249|0x000000070f900000, 0x000000070fa00000, 0x000000070fa00000|100%| E|CS|TS  1|AC  0|TAMS 0x000000070f900000, 0x000000070f900000|
| 250|0x000000070fa00000, 0x000000070fb00000, 0x000000070fb00000|100%| E|CS|TS  1|AC  0|TAMS 0x000000070fa00000, 0x000000070fa00000|
| 251|0x000000070fb00000, 0x000000070fc00000, 0x000000070fc00000|100%| E|CS|TS  1|AC  0|TAMS 0x000000070fb00000, 0x000000070fb00000|

Card table byte_map: [0x0000024134f30000,0x0000024135530000] byte_map_base: 0x0000024131730000

Marking Bits (Prev, Next): (CMBitMap*) 0x000002411ca89720, (CMBitMap*) 0x000002411ca89758
 Prev Bits: [0x0000024135b30000, 0x0000024138b30000)
 Next Bits: [0x0000024138b30000, 0x000002413bb30000)

Polling page: 0x0000024115110000

CodeHeap 'non-profiled nmethods': size=119168Kb used=29351Kb max_used=30048Kb free=89817Kb
 bounds [0x000002412d4d0000, 0x000002412f230000, 0x0000024134930000]
CodeHeap 'profiled nmethods': size=119168Kb used=53582Kb max_used=54569Kb free=65586Kb
 bounds [0x0000024126070000, 0x0000024129610000, 0x000002412d4d0000]
CodeHeap 'non-nmethods': size=7424Kb used=3496Kb max_used=3544Kb free=3927Kb
 bounds [0x0000024125930000, 0x0000024125cc0000, 0x0000024126070000]
 total_blobs=43839 nmethods=22082 adapters=1137
 compilation: enabled

Compilation events (10 events):
Event: 6476.500 Thread 0x000002411ccbe000 29335   !   4       com.jidesoft.grid.JideTable::indexChanged (618 bytes)
Event: 6476.500 Thread 0x000002411c6e9800 29336       4       ui.b.c.b.A::getMinSelectionIndex (71 bytes)
Event: 6476.501 Thread 0x000002411c4f6000 29337       4       java.util.HashMap$KeySet::contains (9 bytes)
Event: 6476.503 Thread 0x000002411c4f7800 29338       4       ui.b.c.b.A::getMaxSelectionIndex (72 bytes)
Event: 6476.505 Thread 0x000002411c4f7000 29339       4       ui.views.c.s.a.k::dTo (16 bytes)
Event: 6476.506 Thread 0x000002411c4f7000 nmethod 29339 0x000002412eb17510 code [0x000002412eb176a0, 0x000002412eb17778]
Event: 6476.506 Thread 0x000002411ccbe000 nmethod 29335 0x000002412eb87590 code [0x000002412eb87780, 0x000002412eb87d98]
Event: 6476.506 Thread 0x000002411c4f6000 nmethod 29337 0x000002412eb52310 code [0x000002412eb524e0, 0x000002412eb52938]
Event: 6476.509 Thread 0x000002411c6e9800 nmethod 29336 0x000002412ebbe890 code [0x000002412ebbeac0, 0x000002412ebbf5c8]
Event: 6476.514 Thread 0x000002411c4f7800 nmethod 29338 0x000002412eb99b10 code [0x000002412eb99d40, 0x000002412eb9a7b8]

GC Heap History (10 events):
Event: 6472.450 GC heap before
{Heap before GC invocations=1089 (full 127):
 garbage-first heap   total 258048K, used 148577K [0x0000000700000000, 0x00000007001007e0, 0x00000007c0000000)
  region size 1024K, 60 young (61440K), 1 survivors (1024K)
 Metaspace       used 91095K, capacity 95114K, committed 97104K, reserved 1132544K
  class space    used 12738K, capacity 13491K, committed 13948K, reserved 1048576K
}
Event: 6472.452 GC heap after
{Heap after GC invocations=1090 (full 127):
 garbage-first heap   total 258048K, used 88192K [0x0000000700000000, 0x00000007001007e0, 0x00000007c0000000)
  region size 1024K, 1 young (1024K), 1 survivors (1024K)
 Metaspace       used 91095K, capacity 95114K, committed 97104K, reserved 1132544K
  class space    used 12738K, capacity 13491K, committed 13948K, reserved 1048576K
}
Event: 6473.096 GC heap before
{Heap before GC invocations=1090 (full 127):
 garbage-first heap   total 258048K, used 148608K [0x0000000700000000, 0x00000007001007e0, 0x00000007c0000000)
  region size 1024K, 60 young (61440K), 1 survivors (1024K)
 Metaspace       used 91095K, capacity 95114K, committed 97104K, reserved 1132544K
  class space    used 12738K, capacity 13491K, committed 13948K, reserved 1048576K
}
Event: 6473.098 GC heap after
{Heap after GC invocations=1091 (full 127):
 garbage-first heap   total 258048K, used 88046K [0x0000000700000000, 0x00000007001007e0, 0x00000007c0000000)
  region size 1024K, 1 young (1024K), 1 survivors (1024K)
 Metaspace       used 91095K, capacity 95114K, committed 97104K, reserved 1132544K
  class space    used 12738K, capacity 13491K, committed 13948K, reserved 1048576K
}
Event: 6474.196 GC heap before
{Heap before GC invocations=1091 (full 127):
 garbage-first heap   total 258048K, used 154606K [0x0000000700000000, 0x00000007001007e0, 0x00000007c0000000)
  region size 1024K, 60 young (61440K), 1 survivors (1024K)
 Metaspace       used 91097K, capacity 95114K, committed 97104K, reserved 1132544K
  class space    used 12738K, capacity 13491K, committed 13948K, reserved 1048576K
}
Event: 6474.199 GC heap after
{Heap after GC invocations=1092 (full 127):
 garbage-first heap   total 258048K, used 94354K [0x0000000700000000, 0x00000007001007e0, 0x00000007c0000000)
  region size 1024K, 1 young (1024K), 1 survivors (1024K)
 Metaspace       used 91097K, capacity 95114K, committed 97104K, reserved 1132544K
  class space    used 12738K, capacity 13491K, committed 13948K, reserved 1048576K
}
Event: 6474.889 GC heap before
{Heap before GC invocations=1092 (full 127):
 garbage-first heap   total 258048K, used 146578K [0x0000000700000000, 0x00000007001007e0, 0x00000007c0000000)
  region size 1024K, 49 young (50176K), 1 survivors (1024K)
 Metaspace       used 91100K, capacity 95114K, committed 97104K, reserved 1132544K
  class space    used 12738K, capacity 13491K, committed 13948K, reserved 1048576K
}
Event: 6475.045 GC heap after
{Heap after GC invocations=1093 (full 128):
 garbage-first heap   total 258048K, used 89694K [0x0000000700000000, 0x00000007001007e0, 0x00000007c0000000)
  region size 1024K, 0 young (0K), 0 survivors (0K)
 Metaspace       used 91100K, capacity 95114K, committed 97104K, reserved 1132544K
  class space    used 12738K, capacity 13491K, committed 13948K, reserved 1048576K
}
Event: 6477.261 GC heap before
{Heap before GC invocations=1093 (full 128):
 garbage-first heap   total 258048K, used 151134K [0x0000000700000000, 0x00000007001007e0, 0x00000007c0000000)
  region size 1024K, 60 young (61440K), 0 survivors (0K)
 Metaspace       used 91100K, capacity 95114K, committed 97104K, reserved 1132544K
  class space    used 12738K, capacity 13491K, committed 13948K, reserved 1048576K
}
Event: 6477.263 GC heap after
{Heap after GC invocations=1094 (full 128):
 garbage-first heap   total 258048K, used 90165K [0x0000000700000000, 0x00000007001007e0, 0x00000007c0000000)
  region size 1024K, 1 young (1024K), 1 survivors (1024K)
 Metaspace       used 91100K, capacity 95114K, committed 97104K, reserved 1132544K
  class space    used 12738K, capacity 13491K, committed 13948K, reserved 1048576K
}

Deoptimization events (10 events):
Event: 6337.911 Thread 0x000002413fbac800 Uncommon trap: reason=unstable_if action=reinterpret pc=0x000002412e27cb9c method=javax.swing.PopupFactory.invokerInHeavyWeightPopup(Ljava/awt/Component;)Z @ 17 c2
Event: 6342.162 Thread 0x000002413fbac800 Uncommon trap: reason=uninitialized action=reinterpret pc=0x000002412ef8af78 method=java.awt.Component.dispatchEventImpl(Ljava/awt/AWTEvent;)V @ 568 c2
Event: 6346.666 Thread 0x000002413fbac800 Uncommon trap: reason=unstable_if action=reinterpret pc=0x000002412f14af54 method=ui.data.n.b.c.l.g(Lui/data/n/a;II)V @ 117 c2
Event: 6391.555 Thread 0x000002413fbac800 Uncommon trap: reason=unstable_if action=reinterpret pc=0x000002412e09a8bc method=javax.swing.JComponent.getBounds(Ljava/awt/Rectangle;)Ljava/awt/Rectangle; @ 1 c2
Event: 6431.725 Thread 0x000002413fbac800 Uncommon trap: reason=unstable_if action=reinterpret pc=0x000002412efc56c4 method=javax.swing.JComponent.getObscuredState(IIIII)I @ 60 c2
Event: 6449.272 Thread 0x000002413fbac800 Uncommon trap: reason=unstable_if action=reinterpret pc=0x000002412eb43f34 method=java.awt.Toolkit$SelectiveAWTEventListener.eventDispatched(Ljava/awt/AWTEvent;)V @ 160 c2
Event: 6449.272 Thread 0x000002413fbac800 Uncommon trap: reason=class_check action=maybe_recompile pc=0x000002412e79a6f8 method=javax.swing.plaf.basic.BasicPopupMenuUI$MouseGrabber.eventDispatched(Ljava/awt/AWTEvent;)V @ 21 c2
Event: 6449.273 Thread 0x000002413fbac800 Uncommon trap: reason=class_check action=maybe_recompile pc=0x000002412eee5104 method=java.awt.Component.requestFocusHelper(ZZLjava/awt/event/FocusEvent$Cause;)Z @ 23 c2
Event: 6462.770 Thread 0x000002413fbac800 Uncommon trap: reason=unstable_if action=reinterpret pc=0x000002412edeb1a8 method=com.jidesoft.docking.DockableFrame$2.propertyChange(Ljava/beans/PropertyChangeEvent;)V @ 55 c2
Event: 6462.946 Thread 0x000002413fbac800 Uncommon trap: reason=unstable_if action=reinterpret pc=0x000002412e9a8470 method=java.awt.KeyboardFocusManager.retargetFocusEvent(Ljava/awt/AWTEvent;)Ljava/awt/AWTEvent; @ 129 c2

Classes redefined (0 events):
No events

Internal exceptions (10 events):
Event: 5596.195 Thread 0x000002413fbac800 Exception <a 'java/lang/NoSuchMethodError'{0x000000070e61cfe8}: java.lang.invoke.DirectMethodHandle$Holder.invokeSpecial(Ljava/lang/Object;Ljava/lang/Object;IILjava/lang/Object;Ljava/lang/Object;Ljava/lang/Object;Ljava/lang/Object;Ljava/lang/Object;Ljava/
Event: 5596.195 Thread 0x000002413fbac800 Exception <a 'java/lang/NoSuchMethodError'{0x000000070e621210}: java.lang.invoke.DelegatingMethodHandle$Holder.reinvoke_L(Ljava/lang/Object;IILjava/lang/Object;Ljava/lang/Object;Ljava/lang/Object;Ljava/lang/Object;Ljava/lang/Object;Ljava/lang/Object;Ljava
Event: 5596.195 Thread 0x000002413fbac800 Exception <a 'java/lang/NoSuchMethodError'{0x000000070e672920}: java.lang.invoke.DirectMethodHandle$Holder.invokeSpecial(Ljava/lang/Object;Ljava/lang/Object;Ljava/lang/Object;Ljava/lang/Object;Ljava/lang/Object;Ljava/lang/Object;Ljava/lang/Object;Ljava/la
Event: 5596.196 Thread 0x000002413fbac800 Exception <a 'java/lang/NoSuchMethodError'{0x000000070e6f9d48}: java.lang.invoke.DirectMethodHandle$Holder.invokeSpecial(Ljava/lang/Object;Ljava/lang/Object;IILjava/lang/Object;IILjava/lang/Object;Ljava/lang/Object;)Ljava/lang/Object;> (0x000000070e6f9d48
Event: 5596.196 Thread 0x000002413fbac800 Exception <a 'java/lang/NoSuchMethodError'{0x000000070e6fd680}: java.lang.invoke.DelegatingMethodHandle$Holder.reinvoke_L(Ljava/lang/Object;IILjava/lang/Object;IILjava/lang/Object;Ljava/lang/Object;)Ljava/lang/Object;> (0x000000070e6fd680) thrown at [t:/w
Event: 5596.196 Thread 0x000002413fbac800 Exception <a 'java/lang/NoSuchMethodError'{0x000000070e554888}: java.lang.invoke.DirectMethodHandle$Holder.invokeSpecial(Ljava/lang/Object;Ljava/lang/Object;Ljava/lang/Object;IILjava/lang/Object;Ljava/lang/Object;)Ljava/lang/Object;> (0x000000070e554888) 
Event: 5600.205 Thread 0x000002413fbac800 Implicit null exception at 0x000002412ea7c473 to 0x000002412ea7f7e5
Event: 5629.754 Thread 0x000002413fbac800 Implicit null exception at 0x000002412ecabd80 to 0x000002412ecacd69
Event: 5667.197 Thread 0x0000024143013800 Exception <a 'java/lang/InterruptedException'{0x000000070e306ed0}: sleep interrupted> (0x000000070e306ed0) thrown at [t:/workspace/hotspot/src/share/vm/prims/jvm.cpp, line 3023]
Event: 6064.019 Thread 0x000002413fbac800 Implicit null exception at 0x000002412d974d4c to 0x000002412d974f19

Events (10 events):
Event: 6476.471 Executing VM operation: BulkRevokeBias done
Event: 6476.472 Thread 0x000002414667c800 Thread added: 0x000002414667c800
Event: 6476.474 Executing VM operation: RevokeBias
Event: 6476.474 Executing VM operation: RevokeBias done
Event: 6476.475 Executing VM operation: RevokeBias
Event: 6476.475 Executing VM operation: RevokeBias done
Event: 6477.260 Executing VM operation: G1IncCollectionPause
Event: 6477.263 Executing VM operation: G1IncCollectionPause done
Event: 6477.369 Thread 0x0000024146684000 Thread added: 0x0000024146684000
Event: 6477.370 Thread 0x0000024146684000 Thread exited: 0x0000024146684000


Dynamic libraries:
0x00007ff78ce30000 - 0x00007ff78ce60000 	E:\vivado\Vivado\2018.3\bin\unwrapped\win64.o\vivado.exe
0x00007ffb8bdf0000 - 0x00007ffb8bfe7000 	C:\Windows\SYSTEM32\ntdll.dll
0x00007ffb8bcf0000 - 0x00007ffb8bdad000 	C:\Windows\System32\KERNEL32.DLL
0x00007ffb89830000 - 0x00007ffb89b26000 	C:\Windows\System32\KERNELBASE.dll
0x00007ffb89b30000 - 0x00007ffb89c30000 	C:\Windows\System32\ucrtbase.dll
0x00007ffb71f70000 - 0x00007ffb71ffe000 	C:\Windows\SYSTEM32\MSVCP140.dll
0x00007ffb7c590000 - 0x00007ffb7c5a4000 	E:\vivado\Vivado\2018.3\lib\win64.o\libboost_signals.dll
0x00007ffb713c0000 - 0x00007ffb713d4000 	E:\vivado\Vivado\2018.3\lib\win64.o\librdi_commonmain.dll
0x00007ffb72020000 - 0x00007ffb7203b000 	C:\Windows\SYSTEM32\VCRUNTIME140.dll
0x00007ffb79e70000 - 0x00007ffb79e7c000 	C:\Windows\SYSTEM32\VCRUNTIME140_1.dll
0x00007ffb711f0000 - 0x00007ffb71216000 	E:\vivado\Vivado\2018.3\lib\win64.o\libboost_filesystem.dll
0x00007ffb8b9f0000 - 0x00007ffb8ba9e000 	C:\Windows\System32\ADVAPI32.dll
0x00007ffb8ace0000 - 0x00007ffb8ad7e000 	C:\Windows\System32\msvcrt.dll
0x00007ffb85440000 - 0x00007ffb8544a000 	E:\vivado\Vivado\2018.3\lib\win64.o\librdi_commonversion.dll
0x00007ffb8aff0000 - 0x00007ffb8b08c000 	C:\Windows\System32\sechost.dll
0x00007ffb8a800000 - 0x00007ffb8a926000 	C:\Windows\System32\RPCRT4.dll
0x00007ffb43ed0000 - 0x00007ffb43ff1000 	E:\vivado\Vivado\2018.3\lib\win64.o\librdi_commonxillic.dll
0x00007ffb8baa0000 - 0x00007ffb8bc3e000 	C:\Windows\System32\USER32.dll
0x00007ffb89d90000 - 0x00007ffb89db2000 	C:\Windows\System32\win32u.dll
0x00007ffb8a620000 - 0x00007ffb8a64c000 	C:\Windows\System32\GDI32.dll
0x0000000063a70000 - 0x0000000063b9b000 	E:\vivado\Vivado\2018.3\lib\win64.o\tcl85t.dll
0x00007ffb894d0000 - 0x00007ffb895ea000 	C:\Windows\System32\gdi32full.dll
0x00007ffb8a960000 - 0x00007ffb8a9cb000 	C:\Windows\System32\WS2_32.dll
0x00007ffb89c80000 - 0x00007ffb89d1d000 	C:\Windows\System32\msvcp_win.dll
0x00007ffb7c550000 - 0x00007ffb7c55b000 	E:\vivado\Vivado\2018.3\lib\win64.o\libboost_system.dll
0x00007ffb40e00000 - 0x00007ffb410b5000 	E:\vivado\Vivado\2018.3\lib\win64.o\libXil_lmgr11.dll
0x00007ffb8ab10000 - 0x00007ffb8abea000 	C:\Windows\System32\COMDLG32.dll
0x00007ffb89e50000 - 0x00007ffb8a1a4000 	C:\Windows\System32\combase.dll
0x00007ffb8bc40000 - 0x00007ffb8bced000 	C:\Windows\System32\shcore.dll
0x00007ffb8a7a0000 - 0x00007ffb8a7f5000 	C:\Windows\System32\SHLWAPI.dll
0x00007ffb8b2a0000 - 0x00007ffb8b9e4000 	C:\Windows\System32\SHELL32.dll
0x00007ffb8ac00000 - 0x00007ffb8accd000 	C:\Windows\System32\OLEAUT32.dll
0x00007ffb8b090000 - 0x00007ffb8b1bb000 	C:\Windows\System32\ole32.dll
0x00007ffb89d20000 - 0x00007ffb89d87000 	C:\Windows\System32\WINTRUST.dll
0x00007ffb896d0000 - 0x00007ffb8982d000 	C:\Windows\System32\CRYPT32.dll
0x00007ffb40a50000 - 0x00007ffb40b64000 	E:\vivado\Vivado\2018.3\lib\win64.o\libboost_regex.dll
0x00007ffb72000000 - 0x00007ffb72019000 	C:\Windows\SYSTEM32\NETAPI32.dll
0x00007ffb7f700000 - 0x00007ffb7f7b0000 	C:\Windows\WinSxS\amd64_microsoft.windows.common-controls_6595b64144ccf1df_5.82.19041.3570_none_793094a72440f60b\COMCTL32.dll
0x00007ffb6f3e0000 - 0x00007ffb6f3e9000 	C:\Windows\SYSTEM32\WSOCK32.dll
0x00007ffb83700000 - 0x00007ffb8371d000 	C:\Windows\SYSTEM32\dhcpcsvc.DLL
0x00007ffb146c0000 - 0x00007ffb15554000 	E:\vivado\Vivado\2018.3\lib\win64.o\librdi_common.dll
0x00007ffb6b930000 - 0x00007ffb6b944000 	E:\vivado\Vivado\2018.3\lib\win64.o\libboost_date_time.dll
0x00007ffb40470000 - 0x00007ffb407de000 	E:\vivado\Vivado\2018.3\lib\win64.o\libCOIN-all.dll
0x00007ffb6b050000 - 0x00007ffb6b071000 	E:\vivado\Vivado\2018.3\lib\win64.o\libboost_thread.dll
0x00007ffb5b020000 - 0x00007ffb5b09f000 	E:\vivado\Vivado\2018.3\lib\win64.o\libboost_program_options.dll
0x00007ffb6c810000 - 0x00007ffb6c81f000 	E:\vivado\Vivado\2018.3\lib\win64.o\libboost_xilinx.dll
0x00007ffb5ae80000 - 0x00007ffb5af02000 	E:\vivado\Vivado\2018.3\lib\win64.o\libhdlpsolve.dll
0x00007ffb43d30000 - 0x00007ffb43dd5000 	E:\vivado\Vivado\2018.3\lib\win64.o\libhdxml.dll
0x00007ffb67bb0000 - 0x00007ffb67bde000 	E:\vivado\Vivado\2018.3\lib\win64.o\libisl_sysinfo.dll
0x00007ffb5a700000 - 0x00007ffb5a765000 	E:\vivado\Vivado\2018.3\lib\win64.o\liblmx6.0.dll
0x00007ffb67b90000 - 0x00007ffb67baa000 	E:\vivado\Vivado\2018.3\lib\win64.o\pthreadVC2.dll
0x00007ffb166a0000 - 0x00007ffb16eee600 	E:\vivado\Vivado\2018.3\lib\win64.o\libisl_iostreams.dll
0x00007ffb659e0000 - 0x00007ffb659fc000 	E:\vivado\Vivado\2018.3\lib\win64.o\librdiconfig.dll
0x00007ffb63030000 - 0x00007ffb63051000 	E:\vivado\Vivado\2018.3\lib\win64.o\librdizlib.dll
0x0000000012000000 - 0x0000000012272000 	E:\vivado\Vivado\2018.3\lib\win64.o\xerces-c_3_1.dll
0x00007ffb82b70000 - 0x00007ffb82c7a000 	C:\Windows\SYSTEM32\WINHTTP.dll
0x00007ffb7a400000 - 0x00007ffb7a8d6000 	C:\Windows\SYSTEM32\WININET.dll
0x00007ffb7c7c0000 - 0x00007ffb7c9ad000 	C:\Windows\SYSTEM32\urlmon.dll
0x00007ffb5afe0000 - 0x00007ffb5b011000 	C:\Windows\SYSTEM32\VCOMP140.DLL
0x00007ffb6b870000 - 0x00007ffb6b87d000 	E:\vivado\Vivado\2018.3\lib\win64.o\libboost_chrono.dll
0x00007ffb659c0000 - 0x00007ffb659db000 	E:\vivado\Vivado\2018.3\lib\win64.o\libboost_iostreams.dll
0x00007ffb13820000 - 0x00007ffb146b1000 	E:\vivado\Vivado\2018.3\lib\win64.o\gurobi65.dll
0x00007ffb62dd0000 - 0x00007ffb62df5000 	E:\vivado\Vivado\2018.3\lib\win64.o\libisl_iosutils.dll
0x00007ffb7caf0000 - 0x00007ffb7cdac000 	C:\Windows\SYSTEM32\iertutil.dll
0x00007ffb7c790000 - 0x00007ffb7c7b9000 	C:\Windows\SYSTEM32\srvcli.dll
0x00007ffb88a20000 - 0x00007ffb88a2c000 	C:\Windows\SYSTEM32\netutils.dll
0x00007ffb8a930000 - 0x00007ffb8a960000 	C:\Windows\System32\IMM32.DLL
0x00007ffb890a0000 - 0x00007ffb890b2000 	C:\Windows\SYSTEM32\MSASN1.dll
0x00007ffb87d50000 - 0x00007ffb87d62000 	C:\Windows\SYSTEM32\kernel.appcore.dll
0x00007ffb1a850000 - 0x00007ffb1ad45000 	E:\vivado\Vivado\2018.3\lib\win64.o\librdi_commontasks.dll
0x00007ffb83280000 - 0x00007ffb8328a000 	C:\Windows\SYSTEM32\VERSION.dll
0x0000000063040000 - 0x0000000063a65000 	E:\vivado\Vivado\2018.3\tps\win64\jre9.0.4\bin\server\jvm.dll
0x00007ffb401f0000 - 0x00007ffb4046f000 	E:\vivado\Vivado\2018.3\lib\win64.o\librdi_sio.dll
0x00007ffb8abf0000 - 0x00007ffb8abf8000 	C:\Windows\System32\PSAPI.DLL
0x00007ffb79fa0000 - 0x00007ffb79fc7000 	C:\Windows\SYSTEM32\WINMM.dll
0x00007ffb88910000 - 0x00007ffb8894b000 	C:\Windows\SYSTEM32\IPHLPAPI.DLL
0x00007ffb40100000 - 0x00007ffb401ef000 	C:\Windows\SYSTEM32\MSVCR120.dll
0x00007ffb88c70000 - 0x00007ffb88cda000 	C:\Windows\SYSTEM32\MSWSOCK.DLL
0x00007ffb872c0000 - 0x00007ffb87a5b000 	C:\Windows\SYSTEM32\windows.storage.dll
0x00007ffb88f10000 - 0x00007ffb88f3d000 	C:\Windows\SYSTEM32\Wldp.dll
0x00007ffb007f0000 - 0x00007ffb02bb2000 	E:\vivado\Vivado\2018.3\lib\win64.o\librdi_tcltasks.dll
0x00007ffb3e760000 - 0x00007ffb3e8de000 	E:\vivado\Vivado\2018.3\lib\win64.o\librdi_board.dll
0x00007ffb19870000 - 0x00007ffb19c4c000 	E:\vivado\Vivado\2018.3\lib\win64.o\librdi_bitstream.dll
0x00007ffb3f890000 - 0x00007ffb3f96c000 	E:\vivado\Vivado\2018.3\lib\win64.o\librdi_chipscope.dll
0x00007ffb43610000 - 0x00007ffb4367a000 	E:\vivado\Vivado\2018.3\lib\win64.o\librdi_boarddep.dll
0x00007ffb2a4f0000 - 0x00007ffb2a6a9000 	E:\vivado\Vivado\2018.3\lib\win64.o\librdi_chipscopeimpl.dll
0x00007ffb1a700000 - 0x00007ffb1a848000 	E:\vivado\Vivado\2018.3\lib\win64.o\librdi_containers.dll
0x00007ffb13140000 - 0x00007ffb1381a000 	E:\vivado\Vivado\2018.3\lib\win64.o\librdi_coregenipxact.dll
0x00007ffafe9d0000 - 0x00007ffb007ef000 	E:\vivado\Vivado\2018.3\lib\win64.o\librdi_coregen.dll
0x00007ffb16380000 - 0x00007ffb1669b000 	E:\vivado\Vivado\2018.3\lib\win64.o\librdi_dlyest.dll
0x00007ffb12be0000 - 0x00007ffb13140000 	E:\vivado\Vivado\2018.3\lib\win64.o\librdi_drc.dll
0x00007ffb28390000 - 0x00007ffb28452000 	E:\vivado\Vivado\2018.3\lib\win64.o\librdi_dsp.dll
0x00007ffafe390000 - 0x00007ffafe9cf000 	E:\vivado\Vivado\2018.3\lib\win64.o\librdi_filemgmt.dll
0x00007ffb12900000 - 0x00007ffb12bda000 	E:\vivado\Vivado\2018.3\lib\win64.o\librdi_guitools.dll
0x00007ffb40da0000 - 0x00007ffb40dfd000 	E:\vivado\Vivado\2018.3\lib\win64.o\librdi_hdf.dll
0x00007ffafca80000 - 0x00007ffafe385000 	E:\vivado\Vivado\2018.3\lib\win64.o\librdi_constraints.dll
0x00007ffafc460000 - 0x00007ffafca75000 	E:\vivado\Vivado\2018.3\lib\win64.o\librdi_memdata.dll
0x00007ffb2a2f0000 - 0x00007ffb2a361000 	E:\vivado\Vivado\2018.3\lib\win64.o\librdi_memoryarray.dll
0x00007ffaeb700000 - 0x00007ffafc452000 	E:\vivado\Vivado\2018.3\lib\win64.o\librdi_device.dll
0x00007ffaeb0c0000 - 0x00007ffaeb6fb000 	E:\vivado\Vivado\2018.3\lib\win64.o\librdi_netlist.dll
0x00007ffb44480000 - 0x00007ffb444d0000 	E:\vivado\Vivado\2018.3\lib\win64.o\librdi_pfi.dll
0x00007ffae72c0000 - 0x00007ffaeb0bb000 	E:\vivado\Vivado\2018.3\lib\win64.o\librdi_designutils.dll
0x00007ffb0da90000 - 0x00007ffb0dd97000 	E:\vivado\Vivado\2018.3\lib\win64.o\librdi_platform.dll
0x00007ffae6bc0000 - 0x00007ffae72b5000 	E:\vivado\Vivado\2018.3\lib\win64.o\librdi_power.dll
0x00007ffae6660000 - 0x00007ffae6bb6000 	E:\vivado\Vivado\2018.3\lib\win64.o\librdi_project.dll
0x00007ffae5f60000 - 0x00007ffae6653000 	E:\vivado\Vivado\2018.3\lib\win64.o\librdi_psta.dll
0x00007ffae5880000 - 0x00007ffae5f59000 	E:\vivado\Vivado\2018.3\lib\win64.o\librdi_rsb.dll
0x00007ffae54a0000 - 0x00007ffae5877000 	E:\vivado\Vivado\2018.3\lib\win64.o\librdi_runs.dll
0x00007ffb1a620000 - 0x00007ffb1a6f8000 	E:\vivado\Vivado\2018.3\lib\win64.o\librdi_runsbase.dll
0x00007ffb06fa0000 - 0x00007ffb071c8000 	E:\vivado\Vivado\2018.3\lib\win64.o\librdi_simdata.dll
0x00007ffae4100000 - 0x00007ffae5491000 	E:\vivado\Vivado\2018.3\lib\win64.o\librdi_implflow.dll
0x00007ffb127a0000 - 0x00007ffb128f4000 	E:\vivado\Vivado\2018.3\lib\win64.o\librdi_advchipscopeimpl.dll
0x00007ffadccf0000 - 0x00007ffae069c000 	E:\vivado\Vivado\2018.3\lib\win64.o\librdi_mig.dll
0x00007ffb197b0000 - 0x00007ffb19868000 	E:\vivado\Vivado\2018.3\lib\win64.o\librdi_hip_devdesign.dll
0x00007ffae3370000 - 0x00007ffae40fd000 	E:\vivado\Vivado\2018.3\lib\win64.o\librdi_timing.dll
0x00007ffb19630000 - 0x00007ffb196ce000 	E:\vivado\Vivado\2018.3\lib\win64.o\libise.dll
0x00007ffb44400000 - 0x00007ffb4444c000 	E:\vivado\Vivado\2018.3\lib\win64.o\libboost_serialization.dll
0x00007ffae2d80000 - 0x00007ffae3364000 	E:\vivado\Vivado\2018.3\lib\win64.o\librdi_wavedata.dll
0x00007ffb40a00000 - 0x00007ffb40a49000 	E:\vivado\Vivado\2018.3\lib\win64.o\librdi_wavedata_SimpleApi.dll
0x00007ffb162d0000 - 0x00007ffb1637b000 	E:\vivado\Vivado\2018.3\lib\win64.o\librdi_ipconfig_readwrite.dll
0x00007ffb44670000 - 0x00007ffb446a8000 	E:\vivado\Vivado\2018.3\lib\win64.o\librdi_noc_frameworks.dll
0x00007ffada7d0000 - 0x00007ffadcce4000 	E:\vivado\Vivado\2018.3\lib\win64.o\librdi_place.dll
0x00007ffb0da00000 - 0x00007ffb0da88000 	E:\vivado\Vivado\2018.3\lib\win64.o\librdi_meir_core.dll
0x00007ffae2b30000 - 0x00007ffae2d80000 	E:\vivado\Vivado\2018.3\lib\win64.o\librdi_hsm.dll
0x00007ffae2770000 - 0x00007ffae2b25000 	E:\vivado\Vivado\2018.3\lib\win64.o\librdi_hip_config.dll
0x00007ffae2220000 - 0x00007ffae276e000 	E:\vivado\Vivado\2018.3\lib\win64.o\librdi_xdm.dll
0x00007ffae16d0000 - 0x00007ffae2217000 	E:\vivado\Vivado\2018.3\lib\win64.o\libverific.dll
0x00007ffada000000 - 0x00007ffada7c8000 	E:\vivado\Vivado\2018.3\lib\win64.o\librdi_labtools.dll

VM Arguments:
jvm_args: -Dsun.java2d.pmoffscreen=false -Dsun.java2d.xrender=false -Dsun.java2d.d3d=false -Dsun.awt.nopixfmt=true -Dsun.java2d.dpiaware=true -Dsun.java2d.uiScale.enabled=false -Xverify:none -Dswing.aatext=true -XX:-UsePerfData -Djdk.map.althashing.threshold=512 -XX:StringTableSize=4072 --add-opens=java.base/java.nio=ALL-UNNAMED --add-opens=java.desktop/sun.swing=ALL-UNNAMED --add-opens=java.desktop/javax.swing=ALL-UNNAMED --add-opens=java.desktop/javax.swing.tree=ALL-UNNAMED --add-opens=java.desktop/javax.swing.plaf.basic=ALL-UNNAMED --add-opens=java.desktop/javax.swing.plaf.synth=ALL-UNNAMED --add-opens=java.desktop/com.sun.awt=ALL-UNNAMED -XX:NewSize=60m -XX:MaxNewSize=60m -Xms128m -Xmx3072m -Xss5m 
java_command: <unknown>
java_class_path (initial): E:/vivado/Vivado/2018.3\lib\classes\alloy.jar;E:/vivado/Vivado/2018.3\lib\classes\autopilot.scelaborator.jar;E:/vivado/Vivado/2018.3\lib\classes\autopilot.sourceprocessor.jar;E:/vivado/Vivado/2018.3\lib\classes\autopilot.tbprocessor.jar;E:/vivado/Vivado/2018.3\lib\classes\batik-anim.jar;E:/vivado/Vivado/2018.3\lib\classes\batik-awt-util.jar;E:/vivado/Vivado/2018.3\lib\classes\batik-bridge.jar;E:/vivado/Vivado/2018.3\lib\classes\batik-codec.jar;E:/vivado/Vivado/2018.3\lib\classes\batik-css.jar;E:/vivado/Vivado/2018.3\lib\classes\batik-dom.jar;E:/vivado/Vivado/2018.3\lib\classes\batik-ext.jar;E:/vivado/Vivado/2018.3\lib\classes\batik-gui-util.jar;E:/vivado/Vivado/2018.3\lib\classes\batik-gvt.jar;E:/vivado/Vivado/2018.3\lib\classes\batik-parser.jar;E:/vivado/Vivado/2018.3\lib\classes\batik-script.jar;E:/vivado/Vivado/2018.3\lib\classes\batik-svg-dom.jar;E:/vivado/Vivado/2018.3\lib\classes\batik-swing.jar;E:/vivado/Vivado/2018.3\lib\classes\batik-transcoder.jar;E:/vivado/Vivado/2018.3\lib\classes\batik-util.jar;E:/vivado/Vivado/2018.3\lib\classes\batik-xml.jar;E:/vivado/Vivado/2018.3\lib\classes\com.ibm.icu_4.4.2.v20110208.jar;E:/vivado/Vivado/2018.3\lib\classes\commons-collections4-4.1.jar;E:/vivado/Vivado/2018.3\lib\classes\commons-math-2.2.jar;E:/vivado/Vivado/2018.3\lib\classes\dom4j-1.6.1.jar;E:/vivado/Vivado/2018.3\lib\classes\guava-18.0.jar;E:/vivado/Vivado/2018.3\lib\classes\help.jar;E:/vivado/Vivado/2018.3\lib\classes\hsqldb.jar;E:/vivado/Vivado/2018.3\lib\classes\jargs.jar;E:/vivado/Vivado/2018.3\lib\classes\jaxb-api-2.3.0.jar;E:/vivado/Vivado/2018.3\lib\classes\jh.jar;E:/vivado/Vivado/2018.3\lib\classes\jide-action.jar;E:/vivado/Vivado/2018.3\lib\classes\jide-charts.jar;E:/vivado/Vivado/2018.3\lib\classes\jide-common.jar;E:/vivado/Vivado/2018.3\lib\classes\jide-components.jar;E:/vivado/Vivado/2018.3\lib\classes\jide-dashboard.jar;E:/vivado/Vivado/2018.3\lib\classes\jide-data.jar;E:/vivado/Vivado/2018.3\lib\classes\jide-dialogs.jar
Launcher Type: generic

Logging:
Log output configuration:
#0: stdout all=warning uptime,level,tags
#1: stderr all=off uptime,level,tags

Environment Variables:
PATH=E:/vivado/Vivado/2018.3/bin;E:/vivado/Vivado/2018.3/lib/win64.o;E:/vivado/Vivado/2018.3/tps/win64/jre9.0.4/bin/server;E:/vivado/Vivado/2018.3/tps/win64/jre9.0.4/bin;E:/vivado/SDK/2018.3/bin;E:/vivado/Vivado/2018.3/ids_lite/ISE/bin/nt64;E:/vivado/Vivado/2018.3/ids_lite/ISE/lib/nt64;C:\Windows\system32;C:\Windows;C:\Windows\System32\Wbem;C:\Windows\System32\WindowsPowerShell\v1.0\;C:\Windows\System32\OpenSSH\;C:\Program Files\Bandizip\;D:\software\Xshell\;D:\software\matlab\runtime\win64;D:\software\matlab\bin;D:\software\matlab\polyspace\bin;D:\software\Matalb2017a\runtime\win64;D:\software\Matalb2017a\bin;D:\software\Git\cmd;C:\Users\12867\AppData\Local\Microsoft\WindowsApps;D:\software\fpga\model\win64;D:\software\fpga\modelsim\win64;D:\software\fpga\Quartus\modelsim_ase\win32aloem;;D:\software\Microsoft VS Code\bin;E:/vivado/Vivado/2018.3\tps\mingw\6.2.0\win64.o\nt\bin;E:/vivado/Vivado/2018.3\tps\mingw\6.2.0\win64.o\nt\libexec\gcc\x86_64-w64-mingw32\6.2.0
USERNAME=12867
OS=Windows_NT
PROCESSOR_IDENTIFIER=Intel64 Family 6 Model 151 Stepping 2, GenuineIntel



---------------  S Y S T E M  ---------------

OS: Windows 10 , 64 bit Build 19041 (10.0.19041.3570)

CPU:total 16 (initial active 16) (8 cores per cpu, 2 threads per core) family 6 model 151 stepping 2, cmov, cx8, fxsr, mmx, sse, sse2, sse3, ssse3, sse4.1, sse4.2, popcnt, avx, avx2, aes, clmul, erms, 3dnowpref, lzcnt, ht, tsc, tscinvbit, bmi1, bmi2, adx, sha, fma

Memory: 4k page, physical 24948600k(16297904k free), swap 50114424k(34815444k free)

vm_info: Java HotSpot(TM) 64-Bit Server VM (9.0.4+11) for windows-amd64 JRE (9.0.4+11), built on Dec 20 2017 02:18:54 by "mach5one" with MS VC++ 12.0 (VS2013)

END.
