# do {tb_compile.do}
# ** Warning: (vlib-34) Library already exists at "modelsim_lib/work".
# 
# ** Warning: (vlib-34) Library already exists at "modelsim_lib/msim".
# 
# ** Warning: (vlib-34) Library already exists at "modelsim_lib/msim/xil_defaultlib".
# 
# Model Technology ModelSim SE-64 vmap 10.4 Lib Mapping Utility 2014.12 Dec  3 2014
# vmap xil_defaultlib modelsim_lib/msim/xil_defaultlib 
# Modifying modelsim.ini
# Model Technology ModelSim SE-64 vlog 10.4 Compiler 2014.12 Dec  3 2014
# Start time: 09:36:35 on Nov 14,2023
# vlog -64 -incr -work xil_defaultlib ../../../../ABC.srcs/sources_1/new/TOP.v ../../../../ABC.srcs/sources_1/new/compare.v ../../../../ABC.srcs/sources_1/new/data.v ../../../../ABC.srcs/sources_1/new/data_out.v ../../../../ABC.srcs/sources_1/new/error.v ../../../../ABC.srcs/sources_1/new/gambling.v ../../../../ABC.srcs/sources_1/new/random.v ../../../../ABC.srcs/sources_1/new/update.v ../../../../ABC.srcs/sim_1/new/tb.v 
# -- Compiling module TOP
# -- Skipping module compare
# -- Skipping module data
# -- Skipping module data_out
# -- Skipping module error
# -- Skipping module gambling
# -- Compiling module random
# -- Compiling module update
# -- Compiling module tb
# 
# Top level modules:
# 	tb
# End time: 09:36:35 on Nov 14,2023, Elapsed time: 0:00:00
# Errors: 0, Warnings: 0
# Model Technology ModelSim SE-64 vlog 10.4 Compiler 2014.12 Dec  3 2014
# Start time: 09:36:35 on Nov 14,2023
# vlog -work xil_defaultlib glbl.v 
# -- Compiling module glbl
# 
# Top level modules:
# 	glbl
# End time: 09:36:35 on Nov 14,2023, Elapsed time: 0:00:00
# Errors: 0, Warnings: 0
